<?xml version="1.0" encoding="UTF-8"?>
<testsuite name="griffon.plugins.datasource.DataSourceSpec" tests="15" failures="0" errors="0" timestamp="2014-02-18T21:01:37" hostname="testing-worker-linux-9-1-26937-linux-3-19139712" time="17.84">
  <properties/>
  <testcase name="Open and close default dataSource" classname="griffon.plugins.datasource.DataSourceSpec" time="6.14"/>
  <testcase name="Connect to default dataSource" classname="griffon.plugins.datasource.DataSourceSpec" time="1.524"/>
  <testcase name="Open a connection to default dataSource" classname="griffon.plugins.datasource.DataSourceSpec" time="1.775"/>
  <testcase name="Can connect to default dataSource" classname="griffon.plugins.datasource.DataSourceSpec" time="0.746"/>
  <testcase name="Can connect to internal dataSource" classname="griffon.plugins.datasource.DataSourceSpec" time="0.925"/>
  <testcase name="Can connect to people dataSource" classname="griffon.plugins.datasource.DataSourceSpec" time="0.998"/>
  <testcase name="Can open a connection to default dataSource" classname="griffon.plugins.datasource.DataSourceSpec" time="0.703"/>
  <testcase name="Can open a connection to internal dataSource" classname="griffon.plugins.datasource.DataSourceSpec" time="0.61"/>
  <testcase name="Can open a connection to people dataSource" classname="griffon.plugins.datasource.DataSourceSpec" time="0.609"/>
  <testcase name="Bogus dataSource name (null) results in error" classname="griffon.plugins.datasource.DataSourceSpec" time="0.885"/>
  <testcase name="Bogus dataSource name () results in error" classname="griffon.plugins.datasource.DataSourceSpec" time="0.441"/>
  <testcase name="Bogus dataSource name (bogus) results in error" classname="griffon.plugins.datasource.DataSourceSpec" time="0.371"/>
  <testcase name="Execute statements on people dataSource" classname="griffon.plugins.datasource.DataSourceSpec" time="0.845"/>
  <testcase name="A runtime SQLException is thrown within dataSource handling" classname="griffon.plugins.datasource.DataSourceSpec" time="0.592"/>
  <testcase name="A runtime SQLException is thrown within connection handling" classname="griffon.plugins.datasource.DataSourceSpec" time="0.617"/>
  <system-out><![CDATA[]]></system-out>
  <system-err><![CDATA[[Test worker] INFO org.codehaus.griffon.runtime.core.DefaultApplicationBootstrapper - Griffon 2.0.0-SNAPSHOT
[Test worker] INFO org.codehaus.griffon.runtime.core.DefaultApplicationBootstrapper - Build: 2014-02-18T20:56:22.462+0000
[Test worker] INFO org.codehaus.griffon.runtime.core.DefaultApplicationBootstrapper - JVM: 1.7.0_51 (Oracle Corporation 24.51-b03)
[Test worker] INFO org.codehaus.griffon.runtime.core.DefaultApplicationBootstrapper - OS: Linux 2.6.32-042stab079.5 amd64
[Test worker] DEBUG org.codehaus.griffon.runtime.core.DefaultApplicationBootstrapper - Creating module bindings
[Test worker] DEBUG griffon.util.AnnotationUtils - Current module order is [core, dataSource, groovy, testApplicationBootstrapper$InnerClasses, testApplicationBootstrapper$Fields]
[Test worker] TRACE griffon.util.AnnotationUtils - Processing module 'core'
[Test worker] TRACE griffon.util.AnnotationUtils -   depends on '[]'
[Test worker] TRACE griffon.util.AnnotationUtils -   adding module 'core', since all dependencies have been added
[Test worker] TRACE griffon.util.AnnotationUtils - Processing module 'dataSource'
[Test worker] TRACE griffon.util.AnnotationUtils -   depends on '[]'
[Test worker] TRACE griffon.util.AnnotationUtils -   adding module 'dataSource', since all dependencies have been added
[Test worker] TRACE griffon.util.AnnotationUtils - Processing module 'groovy'
[Test worker] TRACE griffon.util.AnnotationUtils -   depends on '[]'
[Test worker] TRACE griffon.util.AnnotationUtils -   adding module 'groovy', since all dependencies have been added
[Test worker] TRACE griffon.util.AnnotationUtils - Processing module 'testApplicationBootstrapper$InnerClasses'
[Test worker] TRACE griffon.util.AnnotationUtils -   depends on '[]'
[Test worker] TRACE griffon.util.AnnotationUtils -   adding module 'testApplicationBootstrapper$InnerClasses', since all dependencies have been added
[Test worker] TRACE griffon.util.AnnotationUtils - Processing module 'testApplicationBootstrapper$Fields'
[Test worker] TRACE griffon.util.AnnotationUtils -   depends on '[]'
[Test worker] TRACE griffon.util.AnnotationUtils -   adding module 'testApplicationBootstrapper$Fields', since all dependencies have been added
[Test worker] TRACE griffon.util.AnnotationUtils - module dependency ordering complete
[Test worker] DEBUG griffon.util.AnnotationUtils - computed module order is [core, dataSource, groovy, testApplicationBootstrapper$InnerClasses, testApplicationBootstrapper$Fields]
[Test worker] DEBUG org.codehaus.griffon.runtime.core.DefaultApplicationBootstrapper - Loading module bindings from core:org.codehaus.griffon.runtime.core.DefaultApplicationModule@3b953684
[Test worker] DEBUG org.codehaus.griffon.runtime.core.DefaultApplicationBootstrapper - Loading module bindings from dataSource:org.codehaus.griffon.runtime.datasource.DataSourceModule@412e32ab
[Test worker] DEBUG org.codehaus.griffon.runtime.core.DefaultApplicationBootstrapper - Loading module bindings from groovy:org.codehaus.griffon.runtime.groovy.GroovyModule@400099fb
[Test worker] DEBUG org.codehaus.griffon.runtime.core.DefaultApplicationBootstrapper - Loading module bindings from testApplicationBootstrapper$InnerClasses:org.codehaus.griffon.runtime.core.TestApplicationBootstrapper$InnerClassesModule@677d4e90
[Test worker] DEBUG org.codehaus.griffon.runtime.core.DefaultApplicationBootstrapper - Loading module bindings from testApplicationBootstrapper$Fields:org.codehaus.griffon.runtime.core.TestApplicationBootstrapper$FieldsModule@53b10504
[Test worker] TRACE org.codehaus.griffon.runtime.core.DefaultApplicationBootstrapper - InstanceBinding[source=griffon.core.GriffonApplication, instance=org.codehaus.griffon.runtime.core.DefaultGriffonApplication@162d4185, singleton=true]
[Test worker] TRACE org.codehaus.griffon.runtime.core.DefaultApplicationBootstrapper - TargetBinding[source=griffon.core.ApplicationClassLoader, target=org.codehaus.griffon.runtime.core.DefaultApplicationClassLoader, singleton=true]
[Test worker] TRACE org.codehaus.griffon.runtime.core.DefaultApplicationBootstrapper - TargetBinding[source=griffon.core.ApplicationConfigurer, target=org.codehaus.griffon.runtime.core.DefaultApplicationConfigurer, singleton=true]
[Test worker] TRACE org.codehaus.griffon.runtime.core.DefaultApplicationBootstrapper - TargetBinding[source=griffon.core.resources.ResourceHandler, target=org.codehaus.griffon.runtime.core.resources.DefaultResourceHandler, singleton=true]
[Test worker] TRACE org.codehaus.griffon.runtime.core.DefaultApplicationBootstrapper - TargetBinding[source=griffon.util.CompositeResourceBundleBuilder, target=org.codehaus.griffon.runtime.groovy.util.GroovyAwareCompositeResourceBundleBuilder, singleton=true]
[Test worker] TRACE org.codehaus.griffon.runtime.core.DefaultApplicationBootstrapper - ProviderBinding[source=java.util.ResourceBundle, classifier=@javax.inject.Named(value=applicationResourceBundle), provider=org.codehaus.griffon.runtime.util.ResourceBundleProvider@75288e22, singleton=true]
[Test worker] TRACE org.codehaus.griffon.runtime.core.DefaultApplicationBootstrapper - TargetBinding[source=griffon.core.Configuration, target=org.codehaus.griffon.runtime.core.DefaultConfiguration, singleton=true]
[Test worker] TRACE org.codehaus.griffon.runtime.core.DefaultApplicationBootstrapper - TargetBinding[source=griffon.core.ExecutorServiceManager, target=org.codehaus.griffon.runtime.core.DefaultExecutorServiceManager, singleton=true]
[Test worker] TRACE org.codehaus.griffon.runtime.core.DefaultApplicationBootstrapper - TargetBinding[source=griffon.core.event.EventRouter, classifier=@javax.inject.Named(value=applicationEventRouter), target=org.codehaus.griffon.runtime.core.event.DefaultEventRouter, singleton=true]
[Test worker] TRACE org.codehaus.griffon.runtime.core.DefaultApplicationBootstrapper - TargetBinding[source=griffon.core.event.EventRouter, target=org.codehaus.griffon.runtime.core.event.DefaultEventRouter, singleton=false]
[Test worker] TRACE org.codehaus.griffon.runtime.core.DefaultApplicationBootstrapper - ProviderBinding[source=griffon.core.resources.ResourceResolver, classifier=@javax.inject.Named(value=applicationResourceResolver), provider=org.codehaus.griffon.runtime.core.resources.ResourceResolverProvider@398b9645, singleton=true]
[Test worker] TRACE org.codehaus.griffon.runtime.core.DefaultApplicationBootstrapper - ProviderBinding[source=griffon.core.i18n.MessageSource, classifier=@javax.inject.Named(value=applicationMessageSource), provider=org.codehaus.griffon.runtime.core.i18n.MessageSourceProvider@7b36a986, singleton=true]
[Test worker] TRACE org.codehaus.griffon.runtime.core.DefaultApplicationBootstrapper - TargetBinding[source=griffon.core.resources.ResourceInjector, classifier=@javax.inject.Named(value=applicationResourceInjector), target=org.codehaus.griffon.runtime.core.resources.DefaultApplicationResourceInjector, singleton=true]
[Test worker] TRACE org.codehaus.griffon.runtime.core.DefaultApplicationBootstrapper - TargetBinding[source=griffon.core.threading.UIThreadManager, target=org.codehaus.griffon.runtime.core.threading.DefaultUIThreadManager, singleton=true]
[Test worker] TRACE org.codehaus.griffon.runtime.core.DefaultApplicationBootstrapper - TargetBinding[source=griffon.core.mvc.MVCGroupManager, target=org.codehaus.griffon.runtime.groovy.mvc.GroovyAwareMVCGroupManager, singleton=true]
[Test worker] TRACE org.codehaus.griffon.runtime.core.DefaultApplicationBootstrapper - ProviderBinding[source=griffon.core.LifecycleHandler, classifier=@javax.inject.Named(value=Initialize), provider=org.codehaus.griffon.runtime.core.LifecycleHandlerProvider@41b3db9c, singleton=true]
[Test worker] TRACE org.codehaus.griffon.runtime.core.DefaultApplicationBootstrapper - ProviderBinding[source=griffon.core.LifecycleHandler, classifier=@javax.inject.Named(value=Startup), provider=org.codehaus.griffon.runtime.core.LifecycleHandlerProvider@7170077, singleton=true]
[Test worker] TRACE org.codehaus.griffon.runtime.core.DefaultApplicationBootstrapper - ProviderBinding[source=griffon.core.LifecycleHandler, classifier=@javax.inject.Named(value=Ready), provider=org.codehaus.griffon.runtime.core.LifecycleHandlerProvider@771f8843, singleton=true]
[Test worker] TRACE org.codehaus.griffon.runtime.core.DefaultApplicationBootstrapper - ProviderBinding[source=griffon.core.LifecycleHandler, classifier=@javax.inject.Named(value=Shutdown), provider=org.codehaus.griffon.runtime.core.LifecycleHandlerProvider@372b23ce, singleton=true]
[Test worker] TRACE org.codehaus.griffon.runtime.core.DefaultApplicationBootstrapper - ProviderBinding[source=griffon.core.LifecycleHandler, classifier=@javax.inject.Named(value=Stop), provider=org.codehaus.griffon.runtime.core.LifecycleHandlerProvider@713bc5ad, singleton=true]
[Test worker] TRACE org.codehaus.griffon.runtime.core.DefaultApplicationBootstrapper - TargetBinding[source=griffon.core.view.WindowManager, target=org.codehaus.griffon.runtime.core.view.NoopWindowManager, singleton=true]
[Test worker] TRACE org.codehaus.griffon.runtime.core.DefaultApplicationBootstrapper - TargetBinding[source=griffon.core.controller.ActionManager, target=org.codehaus.griffon.runtime.core.controller.DefaultActionManager, singleton=true]
[Test worker] TRACE org.codehaus.griffon.runtime.core.DefaultApplicationBootstrapper - TargetBinding[source=griffon.core.artifact.ArtifactManager, target=org.codehaus.griffon.runtime.core.artifact.DefaultArtifactManager, singleton=true]
[Test worker] TRACE org.codehaus.griffon.runtime.core.DefaultApplicationBootstrapper - TargetBinding[source=griffon.core.artifact.ArtifactHandler, classifier=@griffon.inject.Typed(value=interface griffon.core.artifact.GriffonModel), target=org.codehaus.griffon.runtime.core.artifact.ModelArtifactHandler, singleton=true]
[Test worker] TRACE org.codehaus.griffon.runtime.core.DefaultApplicationBootstrapper - TargetBinding[source=griffon.core.artifact.ArtifactHandler, classifier=@griffon.inject.Typed(value=interface griffon.core.artifact.GriffonView), target=org.codehaus.griffon.runtime.core.artifact.ViewArtifactHandler, singleton=true]
[Test worker] TRACE org.codehaus.griffon.runtime.core.DefaultApplicationBootstrapper - TargetBinding[source=griffon.core.artifact.ArtifactHandler, classifier=@griffon.inject.Typed(value=interface griffon.core.artifact.GriffonController), target=org.codehaus.griffon.runtime.core.artifact.ControllerArtifactHandler, singleton=true]
[Test worker] TRACE org.codehaus.griffon.runtime.core.DefaultApplicationBootstrapper - TargetBinding[source=griffon.core.artifact.ArtifactHandler, classifier=@griffon.inject.Typed(value=interface griffon.core.artifact.GriffonService), target=org.codehaus.griffon.runtime.core.artifact.ServiceArtifactHandler, singleton=true]
[Test worker] TRACE org.codehaus.griffon.runtime.core.DefaultApplicationBootstrapper - ProviderTypeBinding[source=griffon.core.PlatformHandler, providerType=class org.codehaus.griffon.runtime.core.PlatformHandlerProvider, singleton=true]
[Test worker] TRACE org.codehaus.griffon.runtime.core.DefaultApplicationBootstrapper - TargetBinding[source=griffon.core.addon.AddonManager, target=org.codehaus.griffon.runtime.core.addon.DefaultAddonManager, singleton=true]
[Test worker] TRACE org.codehaus.griffon.runtime.core.DefaultApplicationBootstrapper - TargetBinding[source=griffon.core.event.EventHandler, target=org.codehaus.griffon.runtime.core.event.DefaultEventHandler, singleton=true]
[Test worker] TRACE org.codehaus.griffon.runtime.core.DefaultApplicationBootstrapper - TargetBinding[source=griffon.core.GriffonExceptionHandler, target=griffon.core.GriffonExceptionHandler, singleton=true]
[Test worker] TRACE org.codehaus.griffon.runtime.core.DefaultApplicationBootstrapper - ProviderBinding[source=java.util.ResourceBundle, classifier=@javax.inject.Named(value=dataSource), provider=org.codehaus.griffon.runtime.util.ResourceBundleProvider@b2f1aef, singleton=true]
[Test worker] TRACE org.codehaus.griffon.runtime.core.DefaultApplicationBootstrapper - TargetBinding[source=griffon.core.Configuration, classifier=@javax.inject.Named(value=dataSource), target=org.codehaus.griffon.runtime.datasource.DefaultDataSourceConfiguration, singleton=true]
[Test worker] TRACE org.codehaus.griffon.runtime.core.DefaultApplicationBootstrapper - TargetBinding[source=griffon.plugins.datasource.DataSourceStorage, target=org.codehaus.griffon.runtime.datasource.DefaultDataSourceStorage, singleton=true]
[Test worker] TRACE org.codehaus.griffon.runtime.core.DefaultApplicationBootstrapper - TargetBinding[source=griffon.plugins.datasource.DataSourceFactory, target=org.codehaus.griffon.runtime.datasource.DefaultDataSourceFactory, singleton=true]
[Test worker] TRACE org.codehaus.griffon.runtime.core.DefaultApplicationBootstrapper - TargetBinding[source=griffon.plugins.datasource.DataSourceHandler, target=org.codehaus.griffon.runtime.datasource.DefaultDataSourceHandler, singleton=true]
[Test worker] TRACE org.codehaus.griffon.runtime.core.DefaultApplicationBootstrapper - ProviderTypeBinding[source=griffon.util.ConfigReader, providerType=class griffon.util.ConfigReader$Provider, singleton=true]
[Test worker] TRACE org.codehaus.griffon.runtime.core.DefaultApplicationBootstrapper - TargetBinding[source=griffon.core.addon.GriffonAddon, classifier=@javax.inject.Named(value=groovy), target=org.codehaus.griffon.runtime.groovy.GroovyAddon, singleton=true]
[Test worker] TRACE org.codehaus.griffon.runtime.core.DefaultApplicationBootstrapper - TargetBinding[source=griffon.util.BuilderCustomizer, classifier=@javax.inject.Named(value=core), target=griffon.builder.core.CoreBuilderCustomizer, singleton=true]
[Test worker] DEBUG org.codehaus.griffon.runtime.core.DefaultApplicationBootstrapper - Creating application injector
[Test worker] DEBUG org.codehaus.griffon.runtime.core.DefaultApplicationBootstrapper - Injector will be created by org.codehaus.griffon.runtime.injection.GuiceInjectorFactory@2a6e248a
[Test worker] DEBUG org.codehaus.griffon.runtime.core.event.AbstractEventRouter - Adding listener org.codehaus.griffon.runtime.core.MVCGroupExceptionHandler on UncaughtMVCGroupConfigurationException
[Test worker] DEBUG org.codehaus.griffon.runtime.core.event.AbstractEventRouter - Adding listener org.codehaus.griffon.runtime.core.MVCGroupExceptionHandler on UncaughtMVCGroupInstantiationException
[Test worker] DEBUG org.codehaus.griffon.runtime.core.event.AbstractEventRouter - Triggering event 'BootstrapStart' synchronously
[Test worker] DEBUG griffon.util.ServiceLoaderUtils - Reading java.beans.PropertyEditor definitions from jar:file:/home/travis/build/aalmiray/griffon2/subprojects/griffon-core/build/libs/griffon-core-2.0.0-SNAPSHOT.jar!/META-INF/editors/java.beans.PropertyEditor
[Test worker] DEBUG org.codehaus.griffon.runtime.core.DefaultApplicationConfigurer - Registering griffon.core.editors.StringPropertyEditor as editor for java.lang.String
[Test worker] DEBUG org.codehaus.griffon.runtime.core.DefaultApplicationConfigurer - Registering griffon.core.editors.FilePropertyEditor as editor for java.io.File
[Test worker] DEBUG org.codehaus.griffon.runtime.core.DefaultApplicationConfigurer - Registering griffon.core.editors.URLPropertyEditor as editor for java.net.URL
[Test worker] DEBUG org.codehaus.griffon.runtime.core.DefaultApplicationConfigurer - Registering griffon.core.editors.URIPropertyEditor as editor for java.net.URI
[Test worker] DEBUG org.codehaus.griffon.runtime.core.DefaultApplicationConfigurer - Registering griffon.core.editors.BigDecimalPropertyEditor as editor for java.math.BigDecimal
[Test worker] DEBUG org.codehaus.griffon.runtime.core.DefaultApplicationConfigurer - Registering griffon.core.editors.BigIntegerPropertyEditor as editor for java.math.BigInteger
[Test worker] DEBUG org.codehaus.griffon.runtime.core.DefaultApplicationConfigurer - Registering griffon.core.editors.BooleanPropertyEditor as editor for java.lang.Boolean
[Test worker] DEBUG org.codehaus.griffon.runtime.core.DefaultApplicationConfigurer - Registering griffon.core.editors.BytePropertyEditor as editor for java.lang.Byte
[Test worker] DEBUG org.codehaus.griffon.runtime.core.DefaultApplicationConfigurer - Registering griffon.core.editors.ShortPropertyEditor as editor for java.lang.Short
[Test worker] DEBUG org.codehaus.griffon.runtime.core.DefaultApplicationConfigurer - Registering griffon.core.editors.IntegerPropertyEditor as editor for java.lang.Integer
[Test worker] DEBUG org.codehaus.griffon.runtime.core.DefaultApplicationConfigurer - Registering griffon.core.editors.LongPropertyEditor as editor for java.lang.Long
[Test worker] DEBUG org.codehaus.griffon.runtime.core.DefaultApplicationConfigurer - Registering griffon.core.editors.FloatPropertyEditor as editor for java.lang.Float
[Test worker] DEBUG org.codehaus.griffon.runtime.core.DefaultApplicationConfigurer - Registering griffon.core.editors.DoublePropertyEditor as editor for java.lang.Double
[Test worker] DEBUG org.codehaus.griffon.runtime.core.DefaultApplicationConfigurer - Registering griffon.core.editors.CalendarPropertyEditor as editor for java.util.Calendar
[Test worker] DEBUG org.codehaus.griffon.runtime.core.DefaultApplicationConfigurer - Registering griffon.core.editors.DatePropertyEditor as editor for java.util.Date
[Test worker] DEBUG org.codehaus.griffon.runtime.core.DefaultApplicationConfigurer - Registering griffon.core.editors.BooleanPropertyEditor as editor for boolean
[Test worker] DEBUG org.codehaus.griffon.runtime.core.DefaultApplicationConfigurer - Registering griffon.core.editors.BytePropertyEditor as editor for byte
[Test worker] DEBUG org.codehaus.griffon.runtime.core.DefaultApplicationConfigurer - Registering griffon.core.editors.ShortPropertyEditor as editor for short
[Test worker] DEBUG org.codehaus.griffon.runtime.core.DefaultApplicationConfigurer - Registering griffon.core.editors.IntegerPropertyEditor as editor for int
[Test worker] DEBUG org.codehaus.griffon.runtime.core.DefaultApplicationConfigurer - Registering griffon.core.editors.LongPropertyEditor as editor for long
[Test worker] DEBUG org.codehaus.griffon.runtime.core.DefaultApplicationConfigurer - Registering griffon.core.editors.FloatPropertyEditor as editor for float
[Test worker] DEBUG org.codehaus.griffon.runtime.core.DefaultApplicationConfigurer - Registering griffon.core.editors.DoublePropertyEditor as editor for double
[Test worker] DEBUG org.codehaus.griffon.runtime.core.event.AbstractEventRouter - Adding listener org.codehaus.griffon.runtime.core.DefaultApplicationConfigurer$2 on NewInstance
[Test worker] TRACE griffon.util.CompositeResourceBundle - Searching key=application.lifecycle.handler.disable
[Test worker] TRACE griffon.util.CompositeResourceBundle - Searching key=application
[Test worker] TRACE griffon.util.CompositeResourceBundle - Searching key=platform.handler.linux64
[Test worker] TRACE griffon.util.CompositeResourceBundle - Searching key=platform
[Test worker] DEBUG org.codehaus.griffon.runtime.core.PlatformHandlerProvider - Using org.codehaus.griffon.runtime.core.DefaultPlatformHandler as PlatformHandler
[Test worker] DEBUG org.codehaus.griffon.runtime.core.addon.AbstractAddonManager - Loading addons [START]
[Test worker] DEBUG griffon.util.AnnotationUtils - Current addon order is [groovy]
[Test worker] TRACE griffon.util.AnnotationUtils - Processing addon 'groovy'
[Test worker] TRACE griffon.util.AnnotationUtils -   depends on '[]'
[Test worker] TRACE griffon.util.AnnotationUtils -   adding addon 'groovy', since all dependencies have been added
[Test worker] TRACE griffon.util.AnnotationUtils - addon dependency ordering complete
[Test worker] DEBUG griffon.util.AnnotationUtils - computed addon order is [groovy]
[Test worker] DEBUG org.codehaus.griffon.runtime.core.event.AbstractEventRouter - Triggering event 'LoadAddonsStart' synchronously
[Test worker] DEBUG org.codehaus.griffon.runtime.core.addon.AbstractAddonManager - Loading addon groovy with class org.codehaus.griffon.runtime.groovy.GroovyAddon
[Test worker] DEBUG org.codehaus.griffon.runtime.core.event.AbstractEventRouter - Triggering event 'LoadAddonStart' synchronously
[Test worker] DEBUG org.codehaus.griffon.runtime.core.event.AbstractEventRouter - Adding listener org.codehaus.griffon.runtime.groovy.GroovyAddon@221dc7b3
[Test worker] DEBUG org.codehaus.griffon.runtime.core.event.AbstractEventRouter - Triggering event 'LoadAddonEnd' synchronously
[Test worker] DEBUG org.codehaus.griffon.runtime.core.addon.AbstractAddonManager - Loaded addon groovy
[Test worker] DEBUG org.codehaus.griffon.runtime.core.addon.AbstractAddonManager - Loading addons [END]
[Test worker] DEBUG org.codehaus.griffon.runtime.core.event.AbstractEventRouter - Triggering event 'LoadAddonsEnd' synchronously
[Test worker] TRACE griffon.util.CompositeResourceBundle - Searching key=mvcGroups
[Test worker] TRACE griffon.util.CompositeResourceBundle - Searching key=mvcGroups
[Test worker] DEBUG org.codehaus.griffon.runtime.core.event.AbstractEventRouter - Adding listener org.codehaus.griffon.runtime.core.DefaultApplicationConfigurer$3 on NewInstance
[Test worker] TRACE griffon.util.CompositeResourceBundle - Searching key=griffon.controller.action.interceptor.order
[Test worker] TRACE griffon.util.CompositeResourceBundle - Searching key=griffon
[Test worker] DEBUG griffon.util.AnnotationUtils - computed interceptor order is []
[Test worker] DEBUG org.codehaus.griffon.runtime.core.artifact.AbstractArtifactManager - Registering artifact handler for type 'model': org.codehaus.griffon.runtime.core.artifact.ModelArtifactHandler@324177e3
[Test worker] DEBUG org.codehaus.griffon.runtime.core.artifact.AbstractArtifactManager - Registering artifact handler for type 'view': org.codehaus.griffon.runtime.core.artifact.ViewArtifactHandler@6825f1db
[Test worker] DEBUG org.codehaus.griffon.runtime.core.artifact.AbstractArtifactManager - Registering artifact handler for type 'controller': org.codehaus.griffon.runtime.core.artifact.ControllerArtifactHandler@13299648
[Test worker] DEBUG org.codehaus.griffon.runtime.core.artifact.AbstractArtifactManager - Registering artifact handler for type 'service': org.codehaus.griffon.runtime.core.artifact.ServiceArtifactHandler@f495acc
[Test worker] DEBUG org.codehaus.griffon.runtime.core.event.AbstractEventRouter - Triggering event 'BootstrapEnd' synchronously
[Test worker] TRACE griffon.util.CompositeResourceBundle - Searching key=dataSources
[Test worker] TRACE griffon.util.CompositeResourceBundle - Bundle griffon.util.ExpandableResourceBundle@6c3b3a08; key=dataSources; value='{people={url=jdbc:h2:mem:griffon-datasource-plugin-people, password=, username=sa, driverClassName=org.h2.Driver, dbCreate=create}, internal={url=jdbc:h2:mem:griffon-datasource-plugin-internal, password=, driverClassName=org.h2.Driver, schema=false, username=sa}}'
[Test worker] TRACE griffon.util.CompositeResourceBundle - Searching key=dataSources.people.url
[Test worker] TRACE griffon.util.CompositeResourceBundle - Bundle griffon.util.ExpandableResourceBundle@6c3b3a08; key=dataSources.people.url; value='jdbc:h2:mem:griffon-datasource-plugin-people'
[Test worker] TRACE griffon.util.CompositeResourceBundle - Searching key=dataSources.internal.url
[Test worker] TRACE griffon.util.CompositeResourceBundle - Bundle griffon.util.ExpandableResourceBundle@6c3b3a08; key=dataSources.internal.url; value='jdbc:h2:mem:griffon-datasource-plugin-internal'
[Test worker] TRACE griffon.util.CompositeResourceBundle - Searching key=dataSources.people.password
[Test worker] TRACE griffon.util.CompositeResourceBundle - Bundle griffon.util.ExpandableResourceBundle@6c3b3a08; key=dataSources.people.password; value=''
[Test worker] TRACE griffon.util.CompositeResourceBundle - Searching key=dataSources.internal.password
[Test worker] TRACE griffon.util.CompositeResourceBundle - Bundle griffon.util.ExpandableResourceBundle@6c3b3a08; key=dataSources.internal.password; value=''
[Test worker] TRACE griffon.util.CompositeResourceBundle - Searching key=dataSource
[Test worker] TRACE griffon.util.CompositeResourceBundle - Bundle griffon.util.ExpandableResourceBundle@6c3b3a08; key=dataSource; value='{dbCreate=create, driverClassName=org.h2.Driver, pool={maxIdle=5, maxActive=8, maxWait=60000}, password=, username=sa, url=jdbc:h2:mem:griffon-datasource-plugin-dev}'
[Test worker] TRACE griffon.util.CompositeResourceBundle - Searching key=dataSource.dbCreate
[Test worker] TRACE griffon.util.CompositeResourceBundle - Bundle griffon.util.ExpandableResourceBundle@6c3b3a08; key=dataSource.dbCreate; value='create'
[Test worker] TRACE griffon.util.CompositeResourceBundle - Searching key=dataSources.internal.driverClassName
[Test worker] TRACE griffon.util.CompositeResourceBundle - Bundle griffon.util.ExpandableResourceBundle@6c3b3a08; key=dataSources.internal.driverClassName; value='org.h2.Driver'
[Test worker] TRACE griffon.util.CompositeResourceBundle - Searching key=dataSources.people.username
[Test worker] TRACE griffon.util.CompositeResourceBundle - Bundle griffon.util.ExpandableResourceBundle@6c3b3a08; key=dataSources.people.username; value='sa'
[Test worker] TRACE griffon.util.CompositeResourceBundle - Searching key=dataSource.driverClassName
[Test worker] TRACE griffon.util.CompositeResourceBundle - Bundle griffon.util.ExpandableResourceBundle@6c3b3a08; key=dataSource.driverClassName; value='org.h2.Driver'
[Test worker] TRACE griffon.util.CompositeResourceBundle - Searching key=dataSources.internal.schema
[Test worker] TRACE griffon.util.CompositeResourceBundle - Bundle griffon.util.ExpandableResourceBundle@6c3b3a08; key=dataSources.internal.schema; value='false'
[Test worker] TRACE griffon.util.CompositeResourceBundle - Searching key=dataSource.pool.maxIdle
[Test worker] TRACE griffon.util.CompositeResourceBundle - Bundle griffon.util.ExpandableResourceBundle@6c3b3a08; key=dataSource.pool.maxIdle; value='5'
[Test worker] TRACE griffon.util.CompositeResourceBundle - Searching key=dataSource.password
[Test worker] TRACE griffon.util.CompositeResourceBundle - Bundle griffon.util.ExpandableResourceBundle@6c3b3a08; key=dataSource.password; value=''
[Test worker] TRACE griffon.util.CompositeResourceBundle - Searching key=dataSource.username
[Test worker] TRACE griffon.util.CompositeResourceBundle - Bundle griffon.util.ExpandableResourceBundle@6c3b3a08; key=dataSource.username; value='sa'
[Test worker] TRACE griffon.util.CompositeResourceBundle - Searching key=dataSources.internal.username
[Test worker] TRACE griffon.util.CompositeResourceBundle - Bundle griffon.util.ExpandableResourceBundle@6c3b3a08; key=dataSources.internal.username; value='sa'
[Test worker] TRACE griffon.util.CompositeResourceBundle - Searching key=dataSources.people.driverClassName
[Test worker] TRACE griffon.util.CompositeResourceBundle - Bundle griffon.util.ExpandableResourceBundle@6c3b3a08; key=dataSources.people.driverClassName; value='org.h2.Driver'
[Test worker] TRACE griffon.util.CompositeResourceBundle - Searching key=dataSource.url
[Test worker] TRACE griffon.util.CompositeResourceBundle - Bundle griffon.util.ExpandableResourceBundle@6c3b3a08; key=dataSource.url; value='jdbc:h2:mem:griffon-datasource-plugin-dev'
[Test worker] TRACE griffon.util.CompositeResourceBundle - Searching key=dataSources.people.dbCreate
[Test worker] TRACE griffon.util.CompositeResourceBundle - Bundle griffon.util.ExpandableResourceBundle@6c3b3a08; key=dataSources.people.dbCreate; value='create'
[Test worker] TRACE griffon.util.CompositeResourceBundle - Searching key=dataSource.pool.maxActive
[Test worker] TRACE griffon.util.CompositeResourceBundle - Bundle griffon.util.ExpandableResourceBundle@6c3b3a08; key=dataSource.pool.maxActive; value='8'
[Test worker] TRACE griffon.util.CompositeResourceBundle - Searching key=dataSource.pool.maxWait
[Test worker] TRACE griffon.util.CompositeResourceBundle - Bundle griffon.util.ExpandableResourceBundle@6c3b3a08; key=dataSource.pool.maxWait; value='60000'
[Test worker] DEBUG org.codehaus.griffon.runtime.core.event.AbstractEventRouter - Adding listener com.sun.proxy.$Proxy30 on DataSourceConnectStart
[Test worker] DEBUG org.codehaus.griffon.runtime.core.event.AbstractEventRouter - Adding listener com.sun.proxy.$Proxy30 on DataSourceConnectEnd
[Test worker] DEBUG org.codehaus.griffon.runtime.core.event.AbstractEventRouter - Adding listener com.sun.proxy.$Proxy30 on DataSourceDisconnectStart
[Test worker] DEBUG org.codehaus.griffon.runtime.core.event.AbstractEventRouter - Adding listener com.sun.proxy.$Proxy30 on DataSourceDisconnectEnd
[Test worker] TRACE griffon.util.CompositeResourceBundle - Searching key=dataSources
[Test worker] TRACE griffon.util.CompositeResourceBundle - Bundle griffon.util.ExpandableResourceBundle@6c3b3a08; key=dataSources; value='{people={url=jdbc:h2:mem:griffon-datasource-plugin-people, password=, username=sa, driverClassName=org.h2.Driver, dbCreate=create}, internal={url=jdbc:h2:mem:griffon-datasource-plugin-internal, password=, driverClassName=org.h2.Driver, schema=false, username=sa}}'
[Test worker] TRACE griffon.util.CompositeResourceBundle - Searching key=dataSources.people.url
[Test worker] TRACE griffon.util.CompositeResourceBundle - Bundle griffon.util.ExpandableResourceBundle@6c3b3a08; key=dataSources.people.url; value='jdbc:h2:mem:griffon-datasource-plugin-people'
[Test worker] TRACE griffon.util.CompositeResourceBundle - Searching key=dataSources.internal.url
[Test worker] TRACE griffon.util.CompositeResourceBundle - Bundle griffon.util.ExpandableResourceBundle@6c3b3a08; key=dataSources.internal.url; value='jdbc:h2:mem:griffon-datasource-plugin-internal'
[Test worker] TRACE griffon.util.CompositeResourceBundle - Searching key=dataSources.people.password
[Test worker] TRACE griffon.util.CompositeResourceBundle - Bundle griffon.util.ExpandableResourceBundle@6c3b3a08; key=dataSources.people.password; value=''
[Test worker] TRACE griffon.util.CompositeResourceBundle - Searching key=dataSources.internal.password
[Test worker] TRACE griffon.util.CompositeResourceBundle - Bundle griffon.util.ExpandableResourceBundle@6c3b3a08; key=dataSources.internal.password; value=''
[Test worker] TRACE griffon.util.CompositeResourceBundle - Searching key=dataSource
[Test worker] TRACE griffon.util.CompositeResourceBundle - Bundle griffon.util.ExpandableResourceBundle@6c3b3a08; key=dataSource; value='{dbCreate=create, driverClassName=org.h2.Driver, pool={maxIdle=5, maxActive=8, maxWait=60000}, password=, username=sa, url=jdbc:h2:mem:griffon-datasource-plugin-dev}'
[Test worker] TRACE griffon.util.CompositeResourceBundle - Searching key=dataSource.dbCreate
[Test worker] TRACE griffon.util.CompositeResourceBundle - Bundle griffon.util.ExpandableResourceBundle@6c3b3a08; key=dataSource.dbCreate; value='create'
[Test worker] TRACE griffon.util.CompositeResourceBundle - Searching key=dataSources.internal.driverClassName
[Test worker] TRACE griffon.util.CompositeResourceBundle - Bundle griffon.util.ExpandableResourceBundle@6c3b3a08; key=dataSources.internal.driverClassName; value='org.h2.Driver'
[Test worker] TRACE griffon.util.CompositeResourceBundle - Searching key=dataSources.people.username
[Test worker] TRACE griffon.util.CompositeResourceBundle - Bundle griffon.util.ExpandableResourceBundle@6c3b3a08; key=dataSources.people.username; value='sa'
[Test worker] TRACE griffon.util.CompositeResourceBundle - Searching key=dataSource.driverClassName
[Test worker] TRACE griffon.util.CompositeResourceBundle - Bundle griffon.util.ExpandableResourceBundle@6c3b3a08; key=dataSource.driverClassName; value='org.h2.Driver'
[Test worker] TRACE griffon.util.CompositeResourceBundle - Searching key=dataSources.internal.schema
[Test worker] TRACE griffon.util.CompositeResourceBundle - Bundle griffon.util.ExpandableResourceBundle@6c3b3a08; key=dataSources.internal.schema; value='false'
[Test worker] TRACE griffon.util.CompositeResourceBundle - Searching key=dataSource.pool.maxIdle
[Test worker] TRACE griffon.util.CompositeResourceBundle - Bundle griffon.util.ExpandableResourceBundle@6c3b3a08; key=dataSource.pool.maxIdle; value='5'
[Test worker] TRACE griffon.util.CompositeResourceBundle - Searching key=dataSource.password
[Test worker] TRACE griffon.util.CompositeResourceBundle - Bundle griffon.util.ExpandableResourceBundle@6c3b3a08; key=dataSource.password; value=''
[Test worker] TRACE griffon.util.CompositeResourceBundle - Searching key=dataSource.username
[Test worker] TRACE griffon.util.CompositeResourceBundle - Bundle griffon.util.ExpandableResourceBundle@6c3b3a08; key=dataSource.username; value='sa'
[Test worker] TRACE griffon.util.CompositeResourceBundle - Searching key=dataSources.internal.username
[Test worker] TRACE griffon.util.CompositeResourceBundle - Bundle griffon.util.ExpandableResourceBundle@6c3b3a08; key=dataSources.internal.username; value='sa'
[Test worker] TRACE griffon.util.CompositeResourceBundle - Searching key=dataSources.people.driverClassName
[Test worker] TRACE griffon.util.CompositeResourceBundle - Bundle griffon.util.ExpandableResourceBundle@6c3b3a08; key=dataSources.people.driverClassName; value='org.h2.Driver'
[Test worker] TRACE griffon.util.CompositeResourceBundle - Searching key=dataSource.url
[Test worker] TRACE griffon.util.CompositeResourceBundle - Bundle griffon.util.ExpandableResourceBundle@6c3b3a08; key=dataSource.url; value='jdbc:h2:mem:griffon-datasource-plugin-dev'
[Test worker] TRACE griffon.util.CompositeResourceBundle - Searching key=dataSources.people.dbCreate
[Test worker] TRACE griffon.util.CompositeResourceBundle - Bundle griffon.util.ExpandableResourceBundle@6c3b3a08; key=dataSources.people.dbCreate; value='create'
[Test worker] TRACE griffon.util.CompositeResourceBundle - Searching key=dataSource.pool.maxActive
[Test worker] TRACE griffon.util.CompositeResourceBundle - Bundle griffon.util.ExpandableResourceBundle@6c3b3a08; key=dataSource.pool.maxActive; value='8'
[Test worker] TRACE griffon.util.CompositeResourceBundle - Searching key=dataSource.pool.maxWait
[Test worker] TRACE griffon.util.CompositeResourceBundle - Bundle griffon.util.ExpandableResourceBundle@6c3b3a08; key=dataSource.pool.maxWait; value='60000'
[Test worker] TRACE griffon.util.CompositeResourceBundle - Searching key=dataSource
[Test worker] TRACE griffon.util.CompositeResourceBundle - Bundle griffon.util.ExpandableResourceBundle@6c3b3a08; key=dataSource; value='{dbCreate=create, driverClassName=org.h2.Driver, pool={maxIdle=5, maxActive=8, maxWait=60000}, password=, username=sa, url=jdbc:h2:mem:griffon-datasource-plugin-dev}'
[Test worker] DEBUG org.codehaus.griffon.runtime.core.event.AbstractEventRouter - Triggering event 'DataSourceConnectStart' synchronously
[Test worker] TRACE griffon.core.editors.PropertyEditorResolver - Searching PropertyEditor for int
[Test worker] TRACE griffon.core.editors.PropertyEditorResolver - PropertyEditor for int is griffon.core.editors.IntegerPropertyEditor
[Test worker] TRACE griffon.core.editors.PropertyEditorResolver - Searching PropertyEditor for int
[Test worker] TRACE griffon.core.editors.PropertyEditorResolver - PropertyEditor for int is griffon.core.editors.IntegerPropertyEditor
[Test worker] TRACE griffon.core.editors.PropertyEditorResolver - Searching PropertyEditor for long
[Test worker] TRACE griffon.core.editors.PropertyEditorResolver - PropertyEditor for long is griffon.core.editors.LongPropertyEditor
[Test worker] WARN org.codehaus.griffon.runtime.datasource.DefaultDataSourceFactory - DataSource[default].dbCreate was set to 'create' but default-schema-dev.ddl was not found in classpath.
[Test worker] WARN org.codehaus.griffon.runtime.datasource.DefaultDataSourceFactory - DataSource[default].dbCreate was set to 'create' but default-schema.ddl was not found in classpath.
[Test worker] WARN org.codehaus.griffon.runtime.datasource.DefaultDataSourceFactory - DataSource[default].dbCreate was set to 'create' but schema-dev.ddl was not found in classpath.
[Test worker] WARN org.codehaus.griffon.runtime.datasource.DefaultDataSourceFactory - DataSource[default].dbCreate was set to 'create' but schema.ddl was not found in classpath.
[Test worker] ERROR org.codehaus.griffon.runtime.datasource.DefaultDataSourceFactory - DataSource[default].dbCreate was set to 'create' but no suitable schema was found in classpath.
[Test worker] DEBUG org.codehaus.griffon.runtime.core.event.AbstractEventRouter - Triggering event 'DataSourceConnectEnd' synchronously
[Test worker] DEBUG org.codehaus.griffon.runtime.datasource.DefaultDataSourceHandler - Executing statements on dataSource 'default'
[Test worker] TRACE griffon.util.CompositeResourceBundle - Searching key=dataSource
[Test worker] TRACE griffon.util.CompositeResourceBundle - Bundle griffon.util.ExpandableResourceBundle@6c3b3a08; key=dataSource; value='{dbCreate=create, driverClassName=org.h2.Driver, pool={maxIdle=5, maxActive=8, maxWait=60000}, password=, username=sa, url=jdbc:h2:mem:griffon-datasource-plugin-dev}'
[Test worker] DEBUG org.codehaus.griffon.runtime.core.event.AbstractEventRouter - Triggering event 'DataSourceDisconnectStart' synchronously
[Test worker] DEBUG org.codehaus.griffon.runtime.core.event.AbstractEventRouter - Triggering event 'DataSourceDisconnectEnd' synchronously
[Test worker] DEBUG org.codehaus.griffon.runtime.core.event.AbstractEventRouter - Triggering event 'ShutdownRequested' synchronously
[Test worker] INFO org.codehaus.griffon.runtime.core.DefaultGriffonApplication - Shutdown is in process
[Test worker] DEBUG org.codehaus.griffon.runtime.core.DefaultGriffonApplication - Shutdown stage 1: notify all event listeners
[Test worker] DEBUG org.codehaus.griffon.runtime.core.event.AbstractEventRouter - Adding listener org.codehaus.griffon.runtime.core.AbstractGriffonApplication$1 on ShutdownStart
[Test worker] DEBUG org.codehaus.griffon.runtime.core.event.AbstractEventRouter - Triggering event 'ShutdownStart' synchronously
[Test worker] DEBUG org.codehaus.griffon.runtime.core.DefaultGriffonApplication - Shutdown stage 2: notify all shutdown handlers
[Test worker] DEBUG org.codehaus.griffon.runtime.core.DefaultGriffonApplication - Shutdown stage 3: destroy all MVC groups
[Test worker] DEBUG org.codehaus.griffon.runtime.core.DefaultGriffonApplication - Shutdown stage 4: execute Shutdown script
[Test worker] TRACE griffon.util.CompositeResourceBundle - Searching key=application.lifecycle.handler.disable
[Test worker] TRACE griffon.util.CompositeResourceBundle - Searching key=application
[Test worker] INFO org.codehaus.griffon.runtime.core.DefaultApplicationBootstrapper - Griffon 2.0.0-SNAPSHOT
[Test worker] INFO org.codehaus.griffon.runtime.core.DefaultApplicationBootstrapper - Build: 2014-02-18T20:56:22.462+0000
[Test worker] INFO org.codehaus.griffon.runtime.core.DefaultApplicationBootstrapper - JVM: 1.7.0_51 (Oracle Corporation 24.51-b03)
[Test worker] INFO org.codehaus.griffon.runtime.core.DefaultApplicationBootstrapper - OS: Linux 2.6.32-042stab079.5 amd64
[Test worker] DEBUG org.codehaus.griffon.runtime.core.DefaultApplicationBootstrapper - Creating module bindings
[Test worker] DEBUG griffon.util.AnnotationUtils - Current module order is [core, dataSource, groovy, testApplicationBootstrapper$InnerClasses, testApplicationBootstrapper$Fields]
[Test worker] TRACE griffon.util.AnnotationUtils - Processing module 'core'
[Test worker] TRACE griffon.util.AnnotationUtils -   depends on '[]'
[Test worker] TRACE griffon.util.AnnotationUtils -   adding module 'core', since all dependencies have been added
[Test worker] TRACE griffon.util.AnnotationUtils - Processing module 'dataSource'
[Test worker] TRACE griffon.util.AnnotationUtils -   depends on '[]'
[Test worker] TRACE griffon.util.AnnotationUtils -   adding module 'dataSource', since all dependencies have been added
[Test worker] TRACE griffon.util.AnnotationUtils - Processing module 'groovy'
[Test worker] TRACE griffon.util.AnnotationUtils -   depends on '[]'
[Test worker] TRACE griffon.util.AnnotationUtils -   adding module 'groovy', since all dependencies have been added
[Test worker] TRACE griffon.util.AnnotationUtils - Processing module 'testApplicationBootstrapper$InnerClasses'
[Test worker] TRACE griffon.util.AnnotationUtils -   depends on '[]'
[Test worker] TRACE griffon.util.AnnotationUtils -   adding module 'testApplicationBootstrapper$InnerClasses', since all dependencies have been added
[Test worker] TRACE griffon.util.AnnotationUtils - Processing module 'testApplicationBootstrapper$Fields'
[Test worker] TRACE griffon.util.AnnotationUtils -   depends on '[]'
[Test worker] TRACE griffon.util.AnnotationUtils -   adding module 'testApplicationBootstrapper$Fields', since all dependencies have been added
[Test worker] TRACE griffon.util.AnnotationUtils - module dependency ordering complete
[Test worker] DEBUG griffon.util.AnnotationUtils - computed module order is [core, dataSource, groovy, testApplicationBootstrapper$InnerClasses, testApplicationBootstrapper$Fields]
[Test worker] DEBUG org.codehaus.griffon.runtime.core.DefaultApplicationBootstrapper - Loading module bindings from core:org.codehaus.griffon.runtime.core.DefaultApplicationModule@38568c24
[Test worker] DEBUG org.codehaus.griffon.runtime.core.DefaultApplicationBootstrapper - Loading module bindings from dataSource:org.codehaus.griffon.runtime.datasource.DataSourceModule@3a0aac61
[Test worker] DEBUG org.codehaus.griffon.runtime.core.DefaultApplicationBootstrapper - Loading module bindings from groovy:org.codehaus.griffon.runtime.groovy.GroovyModule@12bb320c
[Test worker] DEBUG org.codehaus.griffon.runtime.core.DefaultApplicationBootstrapper - Loading module bindings from testApplicationBootstrapper$InnerClasses:org.codehaus.griffon.runtime.core.TestApplicationBootstrapper$InnerClassesModule@3fd2bb6f
[Test worker] DEBUG org.codehaus.griffon.runtime.core.DefaultApplicationBootstrapper - Loading module bindings from testApplicationBootstrapper$Fields:org.codehaus.griffon.runtime.core.TestApplicationBootstrapper$FieldsModule@240f9525
[Test worker] TRACE org.codehaus.griffon.runtime.core.DefaultApplicationBootstrapper - InstanceBinding[source=griffon.core.GriffonApplication, instance=org.codehaus.griffon.runtime.core.DefaultGriffonApplication@7c221721, singleton=true]
[Test worker] TRACE org.codehaus.griffon.runtime.core.DefaultApplicationBootstrapper - TargetBinding[source=griffon.core.ApplicationClassLoader, target=org.codehaus.griffon.runtime.core.DefaultApplicationClassLoader, singleton=true]
[Test worker] TRACE org.codehaus.griffon.runtime.core.DefaultApplicationBootstrapper - TargetBinding[source=griffon.core.ApplicationConfigurer, target=org.codehaus.griffon.runtime.core.DefaultApplicationConfigurer, singleton=true]
[Test worker] TRACE org.codehaus.griffon.runtime.core.DefaultApplicationBootstrapper - TargetBinding[source=griffon.core.resources.ResourceHandler, target=org.codehaus.griffon.runtime.core.resources.DefaultResourceHandler, singleton=true]
[Test worker] TRACE org.codehaus.griffon.runtime.core.DefaultApplicationBootstrapper - TargetBinding[source=griffon.util.CompositeResourceBundleBuilder, target=org.codehaus.griffon.runtime.groovy.util.GroovyAwareCompositeResourceBundleBuilder, singleton=true]
[Test worker] TRACE org.codehaus.griffon.runtime.core.DefaultApplicationBootstrapper - ProviderBinding[source=java.util.ResourceBundle, classifier=@javax.inject.Named(value=applicationResourceBundle), provider=org.codehaus.griffon.runtime.util.ResourceBundleProvider@221cb732, singleton=true]
[Test worker] TRACE org.codehaus.griffon.runtime.core.DefaultApplicationBootstrapper - TargetBinding[source=griffon.core.Configuration, target=org.codehaus.griffon.runtime.core.DefaultConfiguration, singleton=true]
[Test worker] TRACE org.codehaus.griffon.runtime.core.DefaultApplicationBootstrapper - TargetBinding[source=griffon.core.ExecutorServiceManager, target=org.codehaus.griffon.runtime.core.DefaultExecutorServiceManager, singleton=true]
[Test worker] TRACE org.codehaus.griffon.runtime.core.DefaultApplicationBootstrapper - TargetBinding[source=griffon.core.event.EventRouter, classifier=@javax.inject.Named(value=applicationEventRouter), target=org.codehaus.griffon.runtime.core.event.DefaultEventRouter, singleton=true]
[Test worker] TRACE org.codehaus.griffon.runtime.core.DefaultApplicationBootstrapper - TargetBinding[source=griffon.core.event.EventRouter, target=org.codehaus.griffon.runtime.core.event.DefaultEventRouter, singleton=false]
[Test worker] TRACE org.codehaus.griffon.runtime.core.DefaultApplicationBootstrapper - ProviderBinding[source=griffon.core.resources.ResourceResolver, classifier=@javax.inject.Named(value=applicationResourceResolver), provider=org.codehaus.griffon.runtime.core.resources.ResourceResolverProvider@b3f451d, singleton=true]
[Test worker] TRACE org.codehaus.griffon.runtime.core.DefaultApplicationBootstrapper - ProviderBinding[source=griffon.core.i18n.MessageSource, classifier=@javax.inject.Named(value=applicationMessageSource), provider=org.codehaus.griffon.runtime.core.i18n.MessageSourceProvider@66d278af, singleton=true]
[Test worker] TRACE org.codehaus.griffon.runtime.core.DefaultApplicationBootstrapper - TargetBinding[source=griffon.core.resources.ResourceInjector, classifier=@javax.inject.Named(value=applicationResourceInjector), target=org.codehaus.griffon.runtime.core.resources.DefaultApplicationResourceInjector, singleton=true]
[Test worker] TRACE org.codehaus.griffon.runtime.core.DefaultApplicationBootstrapper - TargetBinding[source=griffon.core.threading.UIThreadManager, target=org.codehaus.griffon.runtime.core.threading.DefaultUIThreadManager, singleton=true]
[Test worker] TRACE org.codehaus.griffon.runtime.core.DefaultApplicationBootstrapper - TargetBinding[source=griffon.core.mvc.MVCGroupManager, target=org.codehaus.griffon.runtime.groovy.mvc.GroovyAwareMVCGroupManager, singleton=true]
[Test worker] TRACE org.codehaus.griffon.runtime.core.DefaultApplicationBootstrapper - ProviderBinding[source=griffon.core.LifecycleHandler, classifier=@javax.inject.Named(value=Initialize), provider=org.codehaus.griffon.runtime.core.LifecycleHandlerProvider@3f15de6, singleton=true]
[Test worker] TRACE org.codehaus.griffon.runtime.core.DefaultApplicationBootstrapper - ProviderBinding[source=griffon.core.LifecycleHandler, classifier=@javax.inject.Named(value=Startup), provider=org.codehaus.griffon.runtime.core.LifecycleHandlerProvider@5b4ba90f, singleton=true]
[Test worker] TRACE org.codehaus.griffon.runtime.core.DefaultApplicationBootstrapper - ProviderBinding[source=griffon.core.LifecycleHandler, classifier=@javax.inject.Named(value=Ready), provider=org.codehaus.griffon.runtime.core.LifecycleHandlerProvider@4448469c, singleton=true]
[Test worker] TRACE org.codehaus.griffon.runtime.core.DefaultApplicationBootstrapper - ProviderBinding[source=griffon.core.LifecycleHandler, classifier=@javax.inject.Named(value=Shutdown), provider=org.codehaus.griffon.runtime.core.LifecycleHandlerProvider@6513cec9, singleton=true]
[Test worker] TRACE org.codehaus.griffon.runtime.core.DefaultApplicationBootstrapper - ProviderBinding[source=griffon.core.LifecycleHandler, classifier=@javax.inject.Named(value=Stop), provider=org.codehaus.griffon.runtime.core.LifecycleHandlerProvider@776d21f6, singleton=true]
[Test worker] TRACE org.codehaus.griffon.runtime.core.DefaultApplicationBootstrapper - TargetBinding[source=griffon.core.view.WindowManager, target=org.codehaus.griffon.runtime.core.view.NoopWindowManager, singleton=true]
[Test worker] TRACE org.codehaus.griffon.runtime.core.DefaultApplicationBootstrapper - TargetBinding[source=griffon.core.controller.ActionManager, target=org.codehaus.griffon.runtime.core.controller.DefaultActionManager, singleton=true]
[Test worker] TRACE org.codehaus.griffon.runtime.core.DefaultApplicationBootstrapper - TargetBinding[source=griffon.core.artifact.ArtifactManager, target=org.codehaus.griffon.runtime.core.artifact.DefaultArtifactManager, singleton=true]
[Test worker] TRACE org.codehaus.griffon.runtime.core.DefaultApplicationBootstrapper - TargetBinding[source=griffon.core.artifact.ArtifactHandler, classifier=@griffon.inject.Typed(value=interface griffon.core.artifact.GriffonModel), target=org.codehaus.griffon.runtime.core.artifact.ModelArtifactHandler, singleton=true]
[Test worker] TRACE org.codehaus.griffon.runtime.core.DefaultApplicationBootstrapper - TargetBinding[source=griffon.core.artifact.ArtifactHandler, classifier=@griffon.inject.Typed(value=interface griffon.core.artifact.GriffonView), target=org.codehaus.griffon.runtime.core.artifact.ViewArtifactHandler, singleton=true]
[Test worker] TRACE org.codehaus.griffon.runtime.core.DefaultApplicationBootstrapper - TargetBinding[source=griffon.core.artifact.ArtifactHandler, classifier=@griffon.inject.Typed(value=interface griffon.core.artifact.GriffonController), target=org.codehaus.griffon.runtime.core.artifact.ControllerArtifactHandler, singleton=true]
[Test worker] TRACE org.codehaus.griffon.runtime.core.DefaultApplicationBootstrapper - TargetBinding[source=griffon.core.artifact.ArtifactHandler, classifier=@griffon.inject.Typed(value=interface griffon.core.artifact.GriffonService), target=org.codehaus.griffon.runtime.core.artifact.ServiceArtifactHandler, singleton=true]
[Test worker] TRACE org.codehaus.griffon.runtime.core.DefaultApplicationBootstrapper - ProviderTypeBinding[source=griffon.core.PlatformHandler, providerType=class org.codehaus.griffon.runtime.core.PlatformHandlerProvider, singleton=true]
[Test worker] TRACE org.codehaus.griffon.runtime.core.DefaultApplicationBootstrapper - TargetBinding[source=griffon.core.addon.AddonManager, target=org.codehaus.griffon.runtime.core.addon.DefaultAddonManager, singleton=true]
[Test worker] TRACE org.codehaus.griffon.runtime.core.DefaultApplicationBootstrapper - TargetBinding[source=griffon.core.event.EventHandler, target=org.codehaus.griffon.runtime.core.event.DefaultEventHandler, singleton=true]
[Test worker] TRACE org.codehaus.griffon.runtime.core.DefaultApplicationBootstrapper - TargetBinding[source=griffon.core.GriffonExceptionHandler, target=griffon.core.GriffonExceptionHandler, singleton=true]
[Test worker] TRACE org.codehaus.griffon.runtime.core.DefaultApplicationBootstrapper - ProviderBinding[source=java.util.ResourceBundle, classifier=@javax.inject.Named(value=dataSource), provider=org.codehaus.griffon.runtime.util.ResourceBundleProvider@1dd0dabb, singleton=true]
[Test worker] TRACE org.codehaus.griffon.runtime.core.DefaultApplicationBootstrapper - TargetBinding[source=griffon.core.Configuration, classifier=@javax.inject.Named(value=dataSource), target=org.codehaus.griffon.runtime.datasource.DefaultDataSourceConfiguration, singleton=true]
[Test worker] TRACE org.codehaus.griffon.runtime.core.DefaultApplicationBootstrapper - TargetBinding[source=griffon.plugins.datasource.DataSourceStorage, target=org.codehaus.griffon.runtime.datasource.DefaultDataSourceStorage, singleton=true]
[Test worker] TRACE org.codehaus.griffon.runtime.core.DefaultApplicationBootstrapper - TargetBinding[source=griffon.plugins.datasource.DataSourceFactory, target=org.codehaus.griffon.runtime.datasource.DefaultDataSourceFactory, singleton=true]
[Test worker] TRACE org.codehaus.griffon.runtime.core.DefaultApplicationBootstrapper - TargetBinding[source=griffon.plugins.datasource.DataSourceHandler, target=org.codehaus.griffon.runtime.datasource.DefaultDataSourceHandler, singleton=true]
[Test worker] TRACE org.codehaus.griffon.runtime.core.DefaultApplicationBootstrapper - ProviderTypeBinding[source=griffon.util.ConfigReader, providerType=class griffon.util.ConfigReader$Provider, singleton=true]
[Test worker] TRACE org.codehaus.griffon.runtime.core.DefaultApplicationBootstrapper - TargetBinding[source=griffon.core.addon.GriffonAddon, classifier=@javax.inject.Named(value=groovy), target=org.codehaus.griffon.runtime.groovy.GroovyAddon, singleton=true]
[Test worker] TRACE org.codehaus.griffon.runtime.core.DefaultApplicationBootstrapper - TargetBinding[source=griffon.util.BuilderCustomizer, classifier=@javax.inject.Named(value=core), target=griffon.builder.core.CoreBuilderCustomizer, singleton=true]
[Test worker] DEBUG org.codehaus.griffon.runtime.core.DefaultApplicationBootstrapper - Creating application injector
[Test worker] DEBUG org.codehaus.griffon.runtime.core.DefaultApplicationBootstrapper - Injector will be created by org.codehaus.griffon.runtime.injection.GuiceInjectorFactory@2b33796b
[Test worker] DEBUG org.codehaus.griffon.runtime.core.event.AbstractEventRouter - Adding listener org.codehaus.griffon.runtime.core.MVCGroupExceptionHandler on UncaughtMVCGroupConfigurationException
[Test worker] DEBUG org.codehaus.griffon.runtime.core.event.AbstractEventRouter - Adding listener org.codehaus.griffon.runtime.core.MVCGroupExceptionHandler on UncaughtMVCGroupInstantiationException
[Test worker] DEBUG org.codehaus.griffon.runtime.core.event.AbstractEventRouter - Triggering event 'BootstrapStart' synchronously
[Test worker] DEBUG griffon.util.ServiceLoaderUtils - Reading java.beans.PropertyEditor definitions from jar:file:/home/travis/build/aalmiray/griffon2/subprojects/griffon-core/build/libs/griffon-core-2.0.0-SNAPSHOT.jar!/META-INF/editors/java.beans.PropertyEditor
[Test worker] DEBUG org.codehaus.griffon.runtime.core.DefaultApplicationConfigurer - Registering griffon.core.editors.StringPropertyEditor as editor for java.lang.String
[Test worker] DEBUG org.codehaus.griffon.runtime.core.DefaultApplicationConfigurer - Registering griffon.core.editors.FilePropertyEditor as editor for java.io.File
[Test worker] DEBUG org.codehaus.griffon.runtime.core.DefaultApplicationConfigurer - Registering griffon.core.editors.URLPropertyEditor as editor for java.net.URL
[Test worker] DEBUG org.codehaus.griffon.runtime.core.DefaultApplicationConfigurer - Registering griffon.core.editors.URIPropertyEditor as editor for java.net.URI
[Test worker] DEBUG org.codehaus.griffon.runtime.core.DefaultApplicationConfigurer - Registering griffon.core.editors.BigDecimalPropertyEditor as editor for java.math.BigDecimal
[Test worker] DEBUG org.codehaus.griffon.runtime.core.DefaultApplicationConfigurer - Registering griffon.core.editors.BigIntegerPropertyEditor as editor for java.math.BigInteger
[Test worker] DEBUG org.codehaus.griffon.runtime.core.DefaultApplicationConfigurer - Registering griffon.core.editors.BooleanPropertyEditor as editor for java.lang.Boolean
[Test worker] DEBUG org.codehaus.griffon.runtime.core.DefaultApplicationConfigurer - Registering griffon.core.editors.BytePropertyEditor as editor for java.lang.Byte
[Test worker] DEBUG org.codehaus.griffon.runtime.core.DefaultApplicationConfigurer - Registering griffon.core.editors.ShortPropertyEditor as editor for java.lang.Short
[Test worker] DEBUG org.codehaus.griffon.runtime.core.DefaultApplicationConfigurer - Registering griffon.core.editors.IntegerPropertyEditor as editor for java.lang.Integer
[Test worker] DEBUG org.codehaus.griffon.runtime.core.DefaultApplicationConfigurer - Registering griffon.core.editors.LongPropertyEditor as editor for java.lang.Long
[Test worker] DEBUG org.codehaus.griffon.runtime.core.DefaultApplicationConfigurer - Registering griffon.core.editors.FloatPropertyEditor as editor for java.lang.Float
[Test worker] DEBUG org.codehaus.griffon.runtime.core.DefaultApplicationConfigurer - Registering griffon.core.editors.DoublePropertyEditor as editor for java.lang.Double
[Test worker] DEBUG org.codehaus.griffon.runtime.core.DefaultApplicationConfigurer - Registering griffon.core.editors.CalendarPropertyEditor as editor for java.util.Calendar
[Test worker] DEBUG org.codehaus.griffon.runtime.core.DefaultApplicationConfigurer - Registering griffon.core.editors.DatePropertyEditor as editor for java.util.Date
[Test worker] DEBUG org.codehaus.griffon.runtime.core.DefaultApplicationConfigurer - Registering griffon.core.editors.BooleanPropertyEditor as editor for boolean
[Test worker] DEBUG org.codehaus.griffon.runtime.core.DefaultApplicationConfigurer - Registering griffon.core.editors.BytePropertyEditor as editor for byte
[Test worker] DEBUG org.codehaus.griffon.runtime.core.DefaultApplicationConfigurer - Registering griffon.core.editors.ShortPropertyEditor as editor for short
[Test worker] DEBUG org.codehaus.griffon.runtime.core.DefaultApplicationConfigurer - Registering griffon.core.editors.IntegerPropertyEditor as editor for int
[Test worker] DEBUG org.codehaus.griffon.runtime.core.DefaultApplicationConfigurer - Registering griffon.core.editors.LongPropertyEditor as editor for long
[Test worker] DEBUG org.codehaus.griffon.runtime.core.DefaultApplicationConfigurer - Registering griffon.core.editors.FloatPropertyEditor as editor for float
[Test worker] DEBUG org.codehaus.griffon.runtime.core.DefaultApplicationConfigurer - Registering griffon.core.editors.DoublePropertyEditor as editor for double
[Test worker] DEBUG org.codehaus.griffon.runtime.core.event.AbstractEventRouter - Adding listener org.codehaus.griffon.runtime.core.DefaultApplicationConfigurer$2 on NewInstance
[Test worker] TRACE griffon.util.CompositeResourceBundle - Searching key=application.lifecycle.handler.disable
[Test worker] TRACE griffon.util.CompositeResourceBundle - Searching key=application
[Test worker] TRACE griffon.util.CompositeResourceBundle - Searching key=platform.handler.linux64
[Test worker] TRACE griffon.util.CompositeResourceBundle - Searching key=platform
[Test worker] DEBUG org.codehaus.griffon.runtime.core.PlatformHandlerProvider - Using org.codehaus.griffon.runtime.core.DefaultPlatformHandler as PlatformHandler
[Test worker] DEBUG org.codehaus.griffon.runtime.core.addon.AbstractAddonManager - Loading addons [START]
[Test worker] DEBUG griffon.util.AnnotationUtils - Current addon order is [groovy]
[Test worker] TRACE griffon.util.AnnotationUtils - Processing addon 'groovy'
[Test worker] TRACE griffon.util.AnnotationUtils -   depends on '[]'
[Test worker] TRACE griffon.util.AnnotationUtils -   adding addon 'groovy', since all dependencies have been added
[Test worker] TRACE griffon.util.AnnotationUtils - addon dependency ordering complete
[Test worker] DEBUG griffon.util.AnnotationUtils - computed addon order is [groovy]
[Test worker] DEBUG org.codehaus.griffon.runtime.core.event.AbstractEventRouter - Triggering event 'LoadAddonsStart' synchronously
[Test worker] DEBUG org.codehaus.griffon.runtime.core.addon.AbstractAddonManager - Loading addon groovy with class org.codehaus.griffon.runtime.groovy.GroovyAddon
[Test worker] DEBUG org.codehaus.griffon.runtime.core.event.AbstractEventRouter - Triggering event 'LoadAddonStart' synchronously
[Test worker] DEBUG org.codehaus.griffon.runtime.core.event.AbstractEventRouter - Adding listener org.codehaus.griffon.runtime.groovy.GroovyAddon@6ba9fa0d
[Test worker] DEBUG org.codehaus.griffon.runtime.core.event.AbstractEventRouter - Triggering event 'LoadAddonEnd' synchronously
[Test worker] DEBUG org.codehaus.griffon.runtime.core.addon.AbstractAddonManager - Loaded addon groovy
[Test worker] DEBUG org.codehaus.griffon.runtime.core.addon.AbstractAddonManager - Loading addons [END]
[Test worker] DEBUG org.codehaus.griffon.runtime.core.event.AbstractEventRouter - Triggering event 'LoadAddonsEnd' synchronously
[Test worker] TRACE griffon.util.CompositeResourceBundle - Searching key=mvcGroups
[Test worker] TRACE griffon.util.CompositeResourceBundle - Searching key=mvcGroups
[Test worker] DEBUG org.codehaus.griffon.runtime.core.event.AbstractEventRouter - Adding listener org.codehaus.griffon.runtime.core.DefaultApplicationConfigurer$3 on NewInstance
[Test worker] TRACE griffon.util.CompositeResourceBundle - Searching key=griffon.controller.action.interceptor.order
[Test worker] TRACE griffon.util.CompositeResourceBundle - Searching key=griffon
[Test worker] DEBUG griffon.util.AnnotationUtils - computed interceptor order is []
[Test worker] DEBUG org.codehaus.griffon.runtime.core.artifact.AbstractArtifactManager - Registering artifact handler for type 'model': org.codehaus.griffon.runtime.core.artifact.ModelArtifactHandler@21286868
[Test worker] DEBUG org.codehaus.griffon.runtime.core.artifact.AbstractArtifactManager - Registering artifact handler for type 'view': org.codehaus.griffon.runtime.core.artifact.ViewArtifactHandler@63de94d9
[Test worker] DEBUG org.codehaus.griffon.runtime.core.artifact.AbstractArtifactManager - Registering artifact handler for type 'controller': org.codehaus.griffon.runtime.core.artifact.ControllerArtifactHandler@29fe65c8
[Test worker] DEBUG org.codehaus.griffon.runtime.core.artifact.AbstractArtifactManager - Registering artifact handler for type 'service': org.codehaus.griffon.runtime.core.artifact.ServiceArtifactHandler@7ccc4301
[Test worker] DEBUG org.codehaus.griffon.runtime.core.event.AbstractEventRouter - Triggering event 'BootstrapEnd' synchronously
[Test worker] TRACE griffon.util.CompositeResourceBundle - Searching key=dataSources
[Test worker] TRACE griffon.util.CompositeResourceBundle - Bundle griffon.util.ExpandableResourceBundle@290b806a; key=dataSources; value='{people={url=jdbc:h2:mem:griffon-datasource-plugin-people, password=, username=sa, driverClassName=org.h2.Driver, dbCreate=create}, internal={url=jdbc:h2:mem:griffon-datasource-plugin-internal, password=, driverClassName=org.h2.Driver, schema=false, username=sa}}'
[Test worker] TRACE griffon.util.CompositeResourceBundle - Searching key=dataSources.people.url
[Test worker] TRACE griffon.util.CompositeResourceBundle - Bundle griffon.util.ExpandableResourceBundle@290b806a; key=dataSources.people.url; value='jdbc:h2:mem:griffon-datasource-plugin-people'
[Test worker] TRACE griffon.util.CompositeResourceBundle - Searching key=dataSources.internal.url
[Test worker] TRACE griffon.util.CompositeResourceBundle - Bundle griffon.util.ExpandableResourceBundle@290b806a; key=dataSources.internal.url; value='jdbc:h2:mem:griffon-datasource-plugin-internal'
[Test worker] TRACE griffon.util.CompositeResourceBundle - Searching key=dataSources.people.password
[Test worker] TRACE griffon.util.CompositeResourceBundle - Bundle griffon.util.ExpandableResourceBundle@290b806a; key=dataSources.people.password; value=''
[Test worker] TRACE griffon.util.CompositeResourceBundle - Searching key=dataSources.internal.password
[Test worker] TRACE griffon.util.CompositeResourceBundle - Bundle griffon.util.ExpandableResourceBundle@290b806a; key=dataSources.internal.password; value=''
[Test worker] TRACE griffon.util.CompositeResourceBundle - Searching key=dataSource
[Test worker] TRACE griffon.util.CompositeResourceBundle - Bundle griffon.util.ExpandableResourceBundle@290b806a; key=dataSource; value='{dbCreate=create, driverClassName=org.h2.Driver, pool={maxIdle=5, maxActive=8, maxWait=60000}, password=, username=sa, url=jdbc:h2:mem:griffon-datasource-plugin-dev}'
[Test worker] TRACE griffon.util.CompositeResourceBundle - Searching key=dataSource.dbCreate
[Test worker] TRACE griffon.util.CompositeResourceBundle - Bundle griffon.util.ExpandableResourceBundle@290b806a; key=dataSource.dbCreate; value='create'
[Test worker] TRACE griffon.util.CompositeResourceBundle - Searching key=dataSources.internal.driverClassName
[Test worker] TRACE griffon.util.CompositeResourceBundle - Bundle griffon.util.ExpandableResourceBundle@290b806a; key=dataSources.internal.driverClassName; value='org.h2.Driver'
[Test worker] TRACE griffon.util.CompositeResourceBundle - Searching key=dataSources.people.username
[Test worker] TRACE griffon.util.CompositeResourceBundle - Bundle griffon.util.ExpandableResourceBundle@290b806a; key=dataSources.people.username; value='sa'
[Test worker] TRACE griffon.util.CompositeResourceBundle - Searching key=dataSource.driverClassName
[Test worker] TRACE griffon.util.CompositeResourceBundle - Bundle griffon.util.ExpandableResourceBundle@290b806a; key=dataSource.driverClassName; value='org.h2.Driver'
[Test worker] TRACE griffon.util.CompositeResourceBundle - Searching key=dataSources.internal.schema
[Test worker] TRACE griffon.util.CompositeResourceBundle - Bundle griffon.util.ExpandableResourceBundle@290b806a; key=dataSources.internal.schema; value='false'
[Test worker] TRACE griffon.util.CompositeResourceBundle - Searching key=dataSource.pool.maxIdle
[Test worker] TRACE griffon.util.CompositeResourceBundle - Bundle griffon.util.ExpandableResourceBundle@290b806a; key=dataSource.pool.maxIdle; value='5'
[Test worker] TRACE griffon.util.CompositeResourceBundle - Searching key=dataSource.password
[Test worker] TRACE griffon.util.CompositeResourceBundle - Bundle griffon.util.ExpandableResourceBundle@290b806a; key=dataSource.password; value=''
[Test worker] TRACE griffon.util.CompositeResourceBundle - Searching key=dataSource.username
[Test worker] TRACE griffon.util.CompositeResourceBundle - Bundle griffon.util.ExpandableResourceBundle@290b806a; key=dataSource.username; value='sa'
[Test worker] TRACE griffon.util.CompositeResourceBundle - Searching key=dataSources.internal.username
[Test worker] TRACE griffon.util.CompositeResourceBundle - Bundle griffon.util.ExpandableResourceBundle@290b806a; key=dataSources.internal.username; value='sa'
[Test worker] TRACE griffon.util.CompositeResourceBundle - Searching key=dataSources.people.driverClassName
[Test worker] TRACE griffon.util.CompositeResourceBundle - Bundle griffon.util.ExpandableResourceBundle@290b806a; key=dataSources.people.driverClassName; value='org.h2.Driver'
[Test worker] TRACE griffon.util.CompositeResourceBundle - Searching key=dataSource.url
[Test worker] TRACE griffon.util.CompositeResourceBundle - Bundle griffon.util.ExpandableResourceBundle@290b806a; key=dataSource.url; value='jdbc:h2:mem:griffon-datasource-plugin-dev'
[Test worker] TRACE griffon.util.CompositeResourceBundle - Searching key=dataSources.people.dbCreate
[Test worker] TRACE griffon.util.CompositeResourceBundle - Bundle griffon.util.ExpandableResourceBundle@290b806a; key=dataSources.people.dbCreate; value='create'
[Test worker] TRACE griffon.util.CompositeResourceBundle - Searching key=dataSource.pool.maxActive
[Test worker] TRACE griffon.util.CompositeResourceBundle - Bundle griffon.util.ExpandableResourceBundle@290b806a; key=dataSource.pool.maxActive; value='8'
[Test worker] TRACE griffon.util.CompositeResourceBundle - Searching key=dataSource.pool.maxWait
[Test worker] TRACE griffon.util.CompositeResourceBundle - Bundle griffon.util.ExpandableResourceBundle@290b806a; key=dataSource.pool.maxWait; value='60000'
[Test worker] TRACE griffon.util.CompositeResourceBundle - Searching key=dataSources
[Test worker] TRACE griffon.util.CompositeResourceBundle - Bundle griffon.util.ExpandableResourceBundle@290b806a; key=dataSources; value='{people={url=jdbc:h2:mem:griffon-datasource-plugin-people, password=, username=sa, driverClassName=org.h2.Driver, dbCreate=create}, internal={url=jdbc:h2:mem:griffon-datasource-plugin-internal, password=, driverClassName=org.h2.Driver, schema=false, username=sa}}'
[Test worker] TRACE griffon.util.CompositeResourceBundle - Searching key=dataSources.people.url
[Test worker] TRACE griffon.util.CompositeResourceBundle - Bundle griffon.util.ExpandableResourceBundle@290b806a; key=dataSources.people.url; value='jdbc:h2:mem:griffon-datasource-plugin-people'
[Test worker] TRACE griffon.util.CompositeResourceBundle - Searching key=dataSources.internal.url
[Test worker] TRACE griffon.util.CompositeResourceBundle - Bundle griffon.util.ExpandableResourceBundle@290b806a; key=dataSources.internal.url; value='jdbc:h2:mem:griffon-datasource-plugin-internal'
[Test worker] TRACE griffon.util.CompositeResourceBundle - Searching key=dataSources.people.password
[Test worker] TRACE griffon.util.CompositeResourceBundle - Bundle griffon.util.ExpandableResourceBundle@290b806a; key=dataSources.people.password; value=''
[Test worker] TRACE griffon.util.CompositeResourceBundle - Searching key=dataSources.internal.password
[Test worker] TRACE griffon.util.CompositeResourceBundle - Bundle griffon.util.ExpandableResourceBundle@290b806a; key=dataSources.internal.password; value=''
[Test worker] TRACE griffon.util.CompositeResourceBundle - Searching key=dataSource
[Test worker] TRACE griffon.util.CompositeResourceBundle - Bundle griffon.util.ExpandableResourceBundle@290b806a; key=dataSource; value='{dbCreate=create, driverClassName=org.h2.Driver, pool={maxIdle=5, maxActive=8, maxWait=60000}, password=, username=sa, url=jdbc:h2:mem:griffon-datasource-plugin-dev}'
[Test worker] TRACE griffon.util.CompositeResourceBundle - Searching key=dataSource.dbCreate
[Test worker] TRACE griffon.util.CompositeResourceBundle - Bundle griffon.util.ExpandableResourceBundle@290b806a; key=dataSource.dbCreate; value='create'
[Test worker] TRACE griffon.util.CompositeResourceBundle - Searching key=dataSources.internal.driverClassName
[Test worker] TRACE griffon.util.CompositeResourceBundle - Bundle griffon.util.ExpandableResourceBundle@290b806a; key=dataSources.internal.driverClassName; value='org.h2.Driver'
[Test worker] TRACE griffon.util.CompositeResourceBundle - Searching key=dataSources.people.username
[Test worker] TRACE griffon.util.CompositeResourceBundle - Bundle griffon.util.ExpandableResourceBundle@290b806a; key=dataSources.people.username; value='sa'
[Test worker] TRACE griffon.util.CompositeResourceBundle - Searching key=dataSource.driverClassName
[Test worker] TRACE griffon.util.CompositeResourceBundle - Bundle griffon.util.ExpandableResourceBundle@290b806a; key=dataSource.driverClassName; value='org.h2.Driver'
[Test worker] TRACE griffon.util.CompositeResourceBundle - Searching key=dataSources.internal.schema
[Test worker] TRACE griffon.util.CompositeResourceBundle - Bundle griffon.util.ExpandableResourceBundle@290b806a; key=dataSources.internal.schema; value='false'
[Test worker] TRACE griffon.util.CompositeResourceBundle - Searching key=dataSource.pool.maxIdle
[Test worker] TRACE griffon.util.CompositeResourceBundle - Bundle griffon.util.ExpandableResourceBundle@290b806a; key=dataSource.pool.maxIdle; value='5'
[Test worker] TRACE griffon.util.CompositeResourceBundle - Searching key=dataSource.password
[Test worker] TRACE griffon.util.CompositeResourceBundle - Bundle griffon.util.ExpandableResourceBundle@290b806a; key=dataSource.password; value=''
[Test worker] TRACE griffon.util.CompositeResourceBundle - Searching key=dataSource.username
[Test worker] TRACE griffon.util.CompositeResourceBundle - Bundle griffon.util.ExpandableResourceBundle@290b806a; key=dataSource.username; value='sa'
[Test worker] TRACE griffon.util.CompositeResourceBundle - Searching key=dataSources.internal.username
[Test worker] TRACE griffon.util.CompositeResourceBundle - Bundle griffon.util.ExpandableResourceBundle@290b806a; key=dataSources.internal.username; value='sa'
[Test worker] TRACE griffon.util.CompositeResourceBundle - Searching key=dataSources.people.driverClassName
[Test worker] TRACE griffon.util.CompositeResourceBundle - Bundle griffon.util.ExpandableResourceBundle@290b806a; key=dataSources.people.driverClassName; value='org.h2.Driver'
[Test worker] TRACE griffon.util.CompositeResourceBundle - Searching key=dataSource.url
[Test worker] TRACE griffon.util.CompositeResourceBundle - Bundle griffon.util.ExpandableResourceBundle@290b806a; key=dataSource.url; value='jdbc:h2:mem:griffon-datasource-plugin-dev'
[Test worker] TRACE griffon.util.CompositeResourceBundle - Searching key=dataSources.people.dbCreate
[Test worker] TRACE griffon.util.CompositeResourceBundle - Bundle griffon.util.ExpandableResourceBundle@290b806a; key=dataSources.people.dbCreate; value='create'
[Test worker] TRACE griffon.util.CompositeResourceBundle - Searching key=dataSource.pool.maxActive
[Test worker] TRACE griffon.util.CompositeResourceBundle - Bundle griffon.util.ExpandableResourceBundle@290b806a; key=dataSource.pool.maxActive; value='8'
[Test worker] TRACE griffon.util.CompositeResourceBundle - Searching key=dataSource.pool.maxWait
[Test worker] TRACE griffon.util.CompositeResourceBundle - Bundle griffon.util.ExpandableResourceBundle@290b806a; key=dataSource.pool.maxWait; value='60000'
[Test worker] TRACE griffon.util.CompositeResourceBundle - Searching key=dataSource
[Test worker] TRACE griffon.util.CompositeResourceBundle - Bundle griffon.util.ExpandableResourceBundle@290b806a; key=dataSource; value='{dbCreate=create, driverClassName=org.h2.Driver, pool={maxIdle=5, maxActive=8, maxWait=60000}, password=, username=sa, url=jdbc:h2:mem:griffon-datasource-plugin-dev}'
[Test worker] DEBUG org.codehaus.griffon.runtime.core.event.AbstractEventRouter - Triggering event 'DataSourceConnectStart' synchronously
[Test worker] TRACE griffon.core.editors.PropertyEditorResolver - Searching PropertyEditor for int
[Test worker] TRACE griffon.core.editors.PropertyEditorResolver - PropertyEditor for int is griffon.core.editors.IntegerPropertyEditor
[Test worker] TRACE griffon.core.editors.PropertyEditorResolver - Searching PropertyEditor for int
[Test worker] TRACE griffon.core.editors.PropertyEditorResolver - PropertyEditor for int is griffon.core.editors.IntegerPropertyEditor
[Test worker] TRACE griffon.core.editors.PropertyEditorResolver - Searching PropertyEditor for long
[Test worker] TRACE griffon.core.editors.PropertyEditorResolver - PropertyEditor for long is griffon.core.editors.LongPropertyEditor
[Test worker] WARN org.codehaus.griffon.runtime.datasource.DefaultDataSourceFactory - DataSource[default].dbCreate was set to 'create' but default-schema-dev.ddl was not found in classpath.
[Test worker] WARN org.codehaus.griffon.runtime.datasource.DefaultDataSourceFactory - DataSource[default].dbCreate was set to 'create' but default-schema.ddl was not found in classpath.
[Test worker] WARN org.codehaus.griffon.runtime.datasource.DefaultDataSourceFactory - DataSource[default].dbCreate was set to 'create' but schema-dev.ddl was not found in classpath.
[Test worker] WARN org.codehaus.griffon.runtime.datasource.DefaultDataSourceFactory - DataSource[default].dbCreate was set to 'create' but schema.ddl was not found in classpath.
[Test worker] ERROR org.codehaus.griffon.runtime.datasource.DefaultDataSourceFactory - DataSource[default].dbCreate was set to 'create' but no suitable schema was found in classpath.
[Test worker] DEBUG org.codehaus.griffon.runtime.core.event.AbstractEventRouter - Triggering event 'DataSourceConnectEnd' synchronously
[Test worker] DEBUG org.codehaus.griffon.runtime.datasource.DefaultDataSourceHandler - Executing statements on dataSource 'default'
[Test worker] DEBUG org.codehaus.griffon.runtime.core.event.AbstractEventRouter - Triggering event 'ShutdownRequested' synchronously
[Test worker] INFO org.codehaus.griffon.runtime.core.DefaultGriffonApplication - Shutdown is in process
[Test worker] DEBUG org.codehaus.griffon.runtime.core.DefaultGriffonApplication - Shutdown stage 1: notify all event listeners
[Test worker] DEBUG org.codehaus.griffon.runtime.core.event.AbstractEventRouter - Adding listener org.codehaus.griffon.runtime.core.AbstractGriffonApplication$1 on ShutdownStart
[Test worker] DEBUG org.codehaus.griffon.runtime.core.event.AbstractEventRouter - Triggering event 'ShutdownStart' synchronously
[Test worker] DEBUG org.codehaus.griffon.runtime.core.DefaultGriffonApplication - Shutdown stage 2: notify all shutdown handlers
[Test worker] DEBUG org.codehaus.griffon.runtime.core.DefaultGriffonApplication - Shutdown stage 3: destroy all MVC groups
[Test worker] DEBUG org.codehaus.griffon.runtime.core.DefaultGriffonApplication - Shutdown stage 4: execute Shutdown script
[Test worker] TRACE griffon.util.CompositeResourceBundle - Searching key=application.lifecycle.handler.disable
[Test worker] TRACE griffon.util.CompositeResourceBundle - Searching key=application
[Test worker] INFO org.codehaus.griffon.runtime.core.DefaultApplicationBootstrapper - Griffon 2.0.0-SNAPSHOT
[Test worker] INFO org.codehaus.griffon.runtime.core.DefaultApplicationBootstrapper - Build: 2014-02-18T20:56:22.462+0000
[Test worker] INFO org.codehaus.griffon.runtime.core.DefaultApplicationBootstrapper - JVM: 1.7.0_51 (Oracle Corporation 24.51-b03)
[Test worker] INFO org.codehaus.griffon.runtime.core.DefaultApplicationBootstrapper - OS: Linux 2.6.32-042stab079.5 amd64
[Test worker] DEBUG org.codehaus.griffon.runtime.core.DefaultApplicationBootstrapper - Creating module bindings
[Test worker] DEBUG griffon.util.AnnotationUtils - Current module order is [core, dataSource, groovy, testApplicationBootstrapper$InnerClasses, testApplicationBootstrapper$Fields]
[Test worker] TRACE griffon.util.AnnotationUtils - Processing module 'core'
[Test worker] TRACE griffon.util.AnnotationUtils -   depends on '[]'
[Test worker] TRACE griffon.util.AnnotationUtils -   adding module 'core', since all dependencies have been added
[Test worker] TRACE griffon.util.AnnotationUtils - Processing module 'dataSource'
[Test worker] TRACE griffon.util.AnnotationUtils -   depends on '[]'
[Test worker] TRACE griffon.util.AnnotationUtils -   adding module 'dataSource', since all dependencies have been added
[Test worker] TRACE griffon.util.AnnotationUtils - Processing module 'groovy'
[Test worker] TRACE griffon.util.AnnotationUtils -   depends on '[]'
[Test worker] TRACE griffon.util.AnnotationUtils -   adding module 'groovy', since all dependencies have been added
[Test worker] TRACE griffon.util.AnnotationUtils - Processing module 'testApplicationBootstrapper$InnerClasses'
[Test worker] TRACE griffon.util.AnnotationUtils -   depends on '[]'
[...]
[Test worker] DEBUG org.codehaus.griffon.runtime.core.DefaultApplicationConfigurer - Registering griffon.core.editors.ShortPropertyEditor as editor for short
[Test worker] DEBUG org.codehaus.griffon.runtime.core.DefaultApplicationConfigurer - Registering griffon.core.editors.IntegerPropertyEditor as editor for int
[Test worker] DEBUG org.codehaus.griffon.runtime.core.DefaultApplicationConfigurer - Registering griffon.core.editors.LongPropertyEditor as editor for long
[Test worker] DEBUG org.codehaus.griffon.runtime.core.DefaultApplicationConfigurer - Registering griffon.core.editors.FloatPropertyEditor as editor for float
[Test worker] DEBUG org.codehaus.griffon.runtime.core.DefaultApplicationConfigurer - Registering griffon.core.editors.DoublePropertyEditor as editor for double
[Test worker] DEBUG org.codehaus.griffon.runtime.core.event.AbstractEventRouter - Adding listener org.codehaus.griffon.runtime.core.DefaultApplicationConfigurer$2 on NewInstance
[Test worker] TRACE griffon.util.CompositeResourceBundle - Searching key=application.lifecycle.handler.disable
[Test worker] TRACE griffon.util.CompositeResourceBundle - Searching key=application
[Test worker] TRACE griffon.util.CompositeResourceBundle - Searching key=platform.handler.linux64
[Test worker] TRACE griffon.util.CompositeResourceBundle - Searching key=platform
[Test worker] DEBUG org.codehaus.griffon.runtime.core.PlatformHandlerProvider - Using org.codehaus.griffon.runtime.core.DefaultPlatformHandler as PlatformHandler
[Test worker] DEBUG org.codehaus.griffon.runtime.core.addon.AbstractAddonManager - Loading addons [START]
[Test worker] DEBUG griffon.util.AnnotationUtils - Current addon order is [groovy]
[Test worker] TRACE griffon.util.AnnotationUtils - Processing addon 'groovy'
[Test worker] TRACE griffon.util.AnnotationUtils -   depends on '[]'
[Test worker] TRACE griffon.util.AnnotationUtils -   adding addon 'groovy', since all dependencies have been added
[Test worker] TRACE griffon.util.AnnotationUtils - addon dependency ordering complete
[Test worker] DEBUG griffon.util.AnnotationUtils - computed addon order is [groovy]
[Test worker] DEBUG org.codehaus.griffon.runtime.core.event.AbstractEventRouter - Triggering event 'LoadAddonsStart' synchronously
[Test worker] DEBUG org.codehaus.griffon.runtime.core.addon.AbstractAddonManager - Loading addon groovy with class org.codehaus.griffon.runtime.groovy.GroovyAddon
[Test worker] DEBUG org.codehaus.griffon.runtime.core.event.AbstractEventRouter - Triggering event 'LoadAddonStart' synchronously
[Test worker] DEBUG org.codehaus.griffon.runtime.core.event.AbstractEventRouter - Adding listener org.codehaus.griffon.runtime.groovy.GroovyAddon@235fa1ab
[Test worker] DEBUG org.codehaus.griffon.runtime.core.event.AbstractEventRouter - Triggering event 'LoadAddonEnd' synchronously
[Test worker] DEBUG org.codehaus.griffon.runtime.core.addon.AbstractAddonManager - Loaded addon groovy
[Test worker] DEBUG org.codehaus.griffon.runtime.core.addon.AbstractAddonManager - Loading addons [END]
[Test worker] DEBUG org.codehaus.griffon.runtime.core.event.AbstractEventRouter - Triggering event 'LoadAddonsEnd' synchronously
[Test worker] TRACE griffon.util.CompositeResourceBundle - Searching key=mvcGroups
[Test worker] TRACE griffon.util.CompositeResourceBundle - Searching key=mvcGroups
[Test worker] DEBUG org.codehaus.griffon.runtime.core.event.AbstractEventRouter - Adding listener org.codehaus.griffon.runtime.core.DefaultApplicationConfigurer$3 on NewInstance
[Test worker] TRACE griffon.util.CompositeResourceBundle - Searching key=griffon.controller.action.interceptor.order
[Test worker] TRACE griffon.util.CompositeResourceBundle - Searching key=griffon
[Test worker] DEBUG griffon.util.AnnotationUtils - computed interceptor order is []
[Test worker] DEBUG org.codehaus.griffon.runtime.core.artifact.AbstractArtifactManager - Registering artifact handler for type 'model': org.codehaus.griffon.runtime.core.artifact.ModelArtifactHandler@1d8bf723
[Test worker] DEBUG org.codehaus.griffon.runtime.core.artifact.AbstractArtifactManager - Registering artifact handler for type 'view': org.codehaus.griffon.runtime.core.artifact.ViewArtifactHandler@500e29fc
[Test worker] DEBUG org.codehaus.griffon.runtime.core.artifact.AbstractArtifactManager - Registering artifact handler for type 'controller': org.codehaus.griffon.runtime.core.artifact.ControllerArtifactHandler@51e68873
[Test worker] DEBUG org.codehaus.griffon.runtime.core.artifact.AbstractArtifactManager - Registering artifact handler for type 'service': org.codehaus.griffon.runtime.core.artifact.ServiceArtifactHandler@76086006
[Test worker] DEBUG org.codehaus.griffon.runtime.core.event.AbstractEventRouter - Triggering event 'BootstrapEnd' synchronously
[Test worker] TRACE griffon.util.CompositeResourceBundle - Searching key=dataSources
[Test worker] TRACE griffon.util.CompositeResourceBundle - Bundle griffon.util.ExpandableResourceBundle@66f00e71; key=dataSources; value='{people={url=jdbc:h2:mem:griffon-datasource-plugin-people, password=, username=sa, driverClassName=org.h2.Driver, dbCreate=create}, internal={url=jdbc:h2:mem:griffon-datasource-plugin-internal, password=, driverClassName=org.h2.Driver, schema=false, username=sa}}'
[Test worker] TRACE griffon.util.CompositeResourceBundle - Searching key=dataSources.people.url
[Test worker] TRACE griffon.util.CompositeResourceBundle - Bundle griffon.util.ExpandableResourceBundle@66f00e71; key=dataSources.people.url; value='jdbc:h2:mem:griffon-datasource-plugin-people'
[Test worker] TRACE griffon.util.CompositeResourceBundle - Searching key=dataSources.internal.url
[Test worker] TRACE griffon.util.CompositeResourceBundle - Bundle griffon.util.ExpandableResourceBundle@66f00e71; key=dataSources.internal.url; value='jdbc:h2:mem:griffon-datasource-plugin-internal'
[Test worker] TRACE griffon.util.CompositeResourceBundle - Searching key=dataSources.people.password
[Test worker] TRACE griffon.util.CompositeResourceBundle - Bundle griffon.util.ExpandableResourceBundle@66f00e71; key=dataSources.people.password; value=''
[Test worker] TRACE griffon.util.CompositeResourceBundle - Searching key=dataSources.internal.password
[Test worker] TRACE griffon.util.CompositeResourceBundle - Bundle griffon.util.ExpandableResourceBundle@66f00e71; key=dataSources.internal.password; value=''
[Test worker] TRACE griffon.util.CompositeResourceBundle - Searching key=dataSource
[Test worker] TRACE griffon.util.CompositeResourceBundle - Bundle griffon.util.ExpandableResourceBundle@66f00e71; key=dataSource; value='{dbCreate=create, driverClassName=org.h2.Driver, pool={maxIdle=5, maxActive=8, maxWait=60000}, password=, username=sa, url=jdbc:h2:mem:griffon-datasource-plugin-dev}'
[Test worker] TRACE griffon.util.CompositeResourceBundle - Searching key=dataSource.dbCreate
[Test worker] TRACE griffon.util.CompositeResourceBundle - Bundle griffon.util.ExpandableResourceBundle@66f00e71; key=dataSource.dbCreate; value='create'
[Test worker] TRACE griffon.util.CompositeResourceBundle - Searching key=dataSources.internal.driverClassName
[Test worker] TRACE griffon.util.CompositeResourceBundle - Bundle griffon.util.ExpandableResourceBundle@66f00e71; key=dataSources.internal.driverClassName; value='org.h2.Driver'
[Test worker] TRACE griffon.util.CompositeResourceBundle - Searching key=dataSources.people.username
[Test worker] TRACE griffon.util.CompositeResourceBundle - Bundle griffon.util.ExpandableResourceBundle@66f00e71; key=dataSources.people.username; value='sa'
[Test worker] TRACE griffon.util.CompositeResourceBundle - Searching key=dataSource.driverClassName
[Test worker] TRACE griffon.util.CompositeResourceBundle - Bundle griffon.util.ExpandableResourceBundle@66f00e71; key=dataSource.driverClassName; value='org.h2.Driver'
[Test worker] TRACE griffon.util.CompositeResourceBundle - Searching key=dataSources.internal.schema
[Test worker] TRACE griffon.util.CompositeResourceBundle - Bundle griffon.util.ExpandableResourceBundle@66f00e71; key=dataSources.internal.schema; value='false'
[Test worker] TRACE griffon.util.CompositeResourceBundle - Searching key=dataSource.pool.maxIdle
[Test worker] TRACE griffon.util.CompositeResourceBundle - Bundle griffon.util.ExpandableResourceBundle@66f00e71; key=dataSource.pool.maxIdle; value='5'
[Test worker] TRACE griffon.util.CompositeResourceBundle - Searching key=dataSource.password
[Test worker] TRACE griffon.util.CompositeResourceBundle - Bundle griffon.util.ExpandableResourceBundle@66f00e71; key=dataSource.password; value=''
[Test worker] TRACE griffon.util.CompositeResourceBundle - Searching key=dataSource.username
[Test worker] TRACE griffon.util.CompositeResourceBundle - Bundle griffon.util.ExpandableResourceBundle@66f00e71; key=dataSource.username; value='sa'
[Test worker] TRACE griffon.util.CompositeResourceBundle - Searching key=dataSources.internal.username
[Test worker] TRACE griffon.util.CompositeResourceBundle - Bundle griffon.util.ExpandableResourceBundle@66f00e71; key=dataSources.internal.username; value='sa'
[Test worker] TRACE griffon.util.CompositeResourceBundle - Searching key=dataSources.people.driverClassName
[Test worker] TRACE griffon.util.CompositeResourceBundle - Bundle griffon.util.ExpandableResourceBundle@66f00e71; key=dataSources.people.driverClassName; value='org.h2.Driver'
[Test worker] TRACE griffon.util.CompositeResourceBundle - Searching key=dataSource.url
[Test worker] TRACE griffon.util.CompositeResourceBundle - Bundle griffon.util.ExpandableResourceBundle@66f00e71; key=dataSource.url; value='jdbc:h2:mem:griffon-datasource-plugin-dev'
[Test worker] TRACE griffon.util.CompositeResourceBundle - Searching key=dataSources.people.dbCreate
[Test worker] TRACE griffon.util.CompositeResourceBundle - Bundle griffon.util.ExpandableResourceBundle@66f00e71; key=dataSources.people.dbCreate; value='create'
[Test worker] TRACE griffon.util.CompositeResourceBundle - Searching key=dataSource.pool.maxActive
[Test worker] TRACE griffon.util.CompositeResourceBundle - Bundle griffon.util.ExpandableResourceBundle@66f00e71; key=dataSource.pool.maxActive; value='8'
[Test worker] TRACE griffon.util.CompositeResourceBundle - Searching key=dataSource.pool.maxWait
[Test worker] TRACE griffon.util.CompositeResourceBundle - Bundle griffon.util.ExpandableResourceBundle@66f00e71; key=dataSource.pool.maxWait; value='60000'
[Test worker] TRACE griffon.util.CompositeResourceBundle - Searching key=dataSources
[Test worker] TRACE griffon.util.CompositeResourceBundle - Bundle griffon.util.ExpandableResourceBundle@66f00e71; key=dataSources; value='{people={url=jdbc:h2:mem:griffon-datasource-plugin-people, password=, username=sa, driverClassName=org.h2.Driver, dbCreate=create}, internal={url=jdbc:h2:mem:griffon-datasource-plugin-internal, password=, driverClassName=org.h2.Driver, schema=false, username=sa}}'
[Test worker] TRACE griffon.util.CompositeResourceBundle - Searching key=dataSources.people.url
[Test worker] TRACE griffon.util.CompositeResourceBundle - Bundle griffon.util.ExpandableResourceBundle@66f00e71; key=dataSources.people.url; value='jdbc:h2:mem:griffon-datasource-plugin-people'
[Test worker] TRACE griffon.util.CompositeResourceBundle - Searching key=dataSources.internal.url
[Test worker] TRACE griffon.util.CompositeResourceBundle - Bundle griffon.util.ExpandableResourceBundle@66f00e71; key=dataSources.internal.url; value='jdbc:h2:mem:griffon-datasource-plugin-internal'
[Test worker] TRACE griffon.util.CompositeResourceBundle - Searching key=dataSources.people.password
[Test worker] TRACE griffon.util.CompositeResourceBundle - Bundle griffon.util.ExpandableResourceBundle@66f00e71; key=dataSources.people.password; value=''
[Test worker] TRACE griffon.util.CompositeResourceBundle - Searching key=dataSources.internal.password
[Test worker] TRACE griffon.util.CompositeResourceBundle - Bundle griffon.util.ExpandableResourceBundle@66f00e71; key=dataSources.internal.password; value=''
[Test worker] TRACE griffon.util.CompositeResourceBundle - Searching key=dataSource
[Test worker] TRACE griffon.util.CompositeResourceBundle - Bundle griffon.util.ExpandableResourceBundle@66f00e71; key=dataSource; value='{dbCreate=create, driverClassName=org.h2.Driver, pool={maxIdle=5, maxActive=8, maxWait=60000}, password=, username=sa, url=jdbc:h2:mem:griffon-datasource-plugin-dev}'
[Test worker] TRACE griffon.util.CompositeResourceBundle - Searching key=dataSource.dbCreate
[Test worker] TRACE griffon.util.CompositeResourceBundle - Bundle griffon.util.ExpandableResourceBundle@66f00e71; key=dataSource.dbCreate; value='create'
[Test worker] TRACE griffon.util.CompositeResourceBundle - Searching key=dataSources.internal.driverClassName
[Test worker] TRACE griffon.util.CompositeResourceBundle - Bundle griffon.util.ExpandableResourceBundle@66f00e71; key=dataSources.internal.driverClassName; value='org.h2.Driver'
[Test worker] TRACE griffon.util.CompositeResourceBundle - Searching key=dataSources.people.username
[Test worker] TRACE griffon.util.CompositeResourceBundle - Bundle griffon.util.ExpandableResourceBundle@66f00e71; key=dataSources.people.username; value='sa'
[Test worker] TRACE griffon.util.CompositeResourceBundle - Searching key=dataSource.driverClassName
[Test worker] TRACE griffon.util.CompositeResourceBundle - Bundle griffon.util.ExpandableResourceBundle@66f00e71; key=dataSource.driverClassName; value='org.h2.Driver'
[Test worker] TRACE griffon.util.CompositeResourceBundle - Searching key=dataSources.internal.schema
[Test worker] TRACE griffon.util.CompositeResourceBundle - Bundle griffon.util.ExpandableResourceBundle@66f00e71; key=dataSources.internal.schema; value='false'
[Test worker] TRACE griffon.util.CompositeResourceBundle - Searching key=dataSource.pool.maxIdle
[Test worker] TRACE griffon.util.CompositeResourceBundle - Bundle griffon.util.ExpandableResourceBundle@66f00e71; key=dataSource.pool.maxIdle; value='5'
[Test worker] TRACE griffon.util.CompositeResourceBundle - Searching key=dataSource.password
[Test worker] TRACE griffon.util.CompositeResourceBundle - Bundle griffon.util.ExpandableResourceBundle@66f00e71; key=dataSource.password; value=''
[Test worker] TRACE griffon.util.CompositeResourceBundle - Searching key=dataSource.username
[Test worker] TRACE griffon.util.CompositeResourceBundle - Bundle griffon.util.ExpandableResourceBundle@66f00e71; key=dataSource.username; value='sa'
[Test worker] TRACE griffon.util.CompositeResourceBundle - Searching key=dataSources.internal.username
[Test worker] TRACE griffon.util.CompositeResourceBundle - Bundle griffon.util.ExpandableResourceBundle@66f00e71; key=dataSources.internal.username; value='sa'
[Test worker] TRACE griffon.util.CompositeResourceBundle - Searching key=dataSources.people.driverClassName
[Test worker] TRACE griffon.util.CompositeResourceBundle - Bundle griffon.util.ExpandableResourceBundle@66f00e71; key=dataSources.people.driverClassName; value='org.h2.Driver'
[Test worker] TRACE griffon.util.CompositeResourceBundle - Searching key=dataSource.url
[Test worker] TRACE griffon.util.CompositeResourceBundle - Bundle griffon.util.ExpandableResourceBundle@66f00e71; key=dataSource.url; value='jdbc:h2:mem:griffon-datasource-plugin-dev'
[Test worker] TRACE griffon.util.CompositeResourceBundle - Searching key=dataSources.people.dbCreate
[Test worker] TRACE griffon.util.CompositeResourceBundle - Bundle griffon.util.ExpandableResourceBundle@66f00e71; key=dataSources.people.dbCreate; value='create'
[Test worker] TRACE griffon.util.CompositeResourceBundle - Searching key=dataSource.pool.maxActive
[Test worker] TRACE griffon.util.CompositeResourceBundle - Bundle griffon.util.ExpandableResourceBundle@66f00e71; key=dataSource.pool.maxActive; value='8'
[Test worker] TRACE griffon.util.CompositeResourceBundle - Searching key=dataSource.pool.maxWait
[Test worker] TRACE griffon.util.CompositeResourceBundle - Bundle griffon.util.ExpandableResourceBundle@66f00e71; key=dataSource.pool.maxWait; value='60000'
[Test worker] TRACE griffon.util.CompositeResourceBundle - Searching key=dataSource
[Test worker] TRACE griffon.util.CompositeResourceBundle - Bundle griffon.util.ExpandableResourceBundle@66f00e71; key=dataSource; value='{dbCreate=create, driverClassName=org.h2.Driver, pool={maxIdle=5, maxActive=8, maxWait=60000}, password=, username=sa, url=jdbc:h2:mem:griffon-datasource-plugin-dev}'
[Test worker] DEBUG org.codehaus.griffon.runtime.core.event.AbstractEventRouter - Triggering event 'DataSourceConnectStart' synchronously
[Test worker] TRACE griffon.core.editors.PropertyEditorResolver - Searching PropertyEditor for int
[Test worker] TRACE griffon.core.editors.PropertyEditorResolver - PropertyEditor for int is griffon.core.editors.IntegerPropertyEditor
[Test worker] TRACE griffon.core.editors.PropertyEditorResolver - Searching PropertyEditor for int
[Test worker] TRACE griffon.core.editors.PropertyEditorResolver - PropertyEditor for int is griffon.core.editors.IntegerPropertyEditor
[Test worker] TRACE griffon.core.editors.PropertyEditorResolver - Searching PropertyEditor for long
[Test worker] TRACE griffon.core.editors.PropertyEditorResolver - PropertyEditor for long is griffon.core.editors.LongPropertyEditor
[Test worker] WARN org.codehaus.griffon.runtime.datasource.DefaultDataSourceFactory - DataSource[default].dbCreate was set to 'create' but default-schema-dev.ddl was not found in classpath.
[Test worker] WARN org.codehaus.griffon.runtime.datasource.DefaultDataSourceFactory - DataSource[default].dbCreate was set to 'create' but default-schema.ddl was not found in classpath.
[Test worker] WARN org.codehaus.griffon.runtime.datasource.DefaultDataSourceFactory - DataSource[default].dbCreate was set to 'create' but schema-dev.ddl was not found in classpath.
[Test worker] WARN org.codehaus.griffon.runtime.datasource.DefaultDataSourceFactory - DataSource[default].dbCreate was set to 'create' but schema.ddl was not found in classpath.
[Test worker] ERROR org.codehaus.griffon.runtime.datasource.DefaultDataSourceFactory - DataSource[default].dbCreate was set to 'create' but no suitable schema was found in classpath.
[Test worker] DEBUG org.codehaus.griffon.runtime.core.event.AbstractEventRouter - Triggering event 'DataSourceConnectEnd' synchronously
[Test worker] DEBUG org.codehaus.griffon.runtime.datasource.DefaultDataSourceHandler - Executing statements on dataSource 'default'
Feb 18, 2014 9:01:55 PM groovy.sql.Sql executeUpdate
WARNING: Failed to execute: insert into people (id) values (?) because: Table "PEOPLE" not found; SQL statement:
insert into people (id) values (?) [42102-170]
[Test worker] DEBUG org.codehaus.griffon.runtime.core.event.AbstractEventRouter - Triggering event 'ShutdownRequested' synchronously
[Test worker] INFO org.codehaus.griffon.runtime.core.DefaultGriffonApplication - Shutdown is in process
[Test worker] DEBUG org.codehaus.griffon.runtime.core.DefaultGriffonApplication - Shutdown stage 1: notify all event listeners
[Test worker] DEBUG org.codehaus.griffon.runtime.core.event.AbstractEventRouter - Adding listener org.codehaus.griffon.runtime.core.AbstractGriffonApplication$1 on ShutdownStart
[Test worker] DEBUG org.codehaus.griffon.runtime.core.event.AbstractEventRouter - Triggering event 'ShutdownStart' synchronously
[Test worker] DEBUG org.codehaus.griffon.runtime.core.DefaultGriffonApplication - Shutdown stage 2: notify all shutdown handlers
[Test worker] DEBUG org.codehaus.griffon.runtime.core.DefaultGriffonApplication - Shutdown stage 3: destroy all MVC groups
[Test worker] DEBUG org.codehaus.griffon.runtime.core.DefaultGriffonApplication - Shutdown stage 4: execute Shutdown script
[Test worker] TRACE griffon.util.CompositeResourceBundle - Searching key=application.lifecycle.handler.disable
[Test worker] TRACE griffon.util.CompositeResourceBundle - Searching key=application
]]></system-err>
</testsuite>
